<?xml version="1.0" encoding="utf-8"?><testsuites name="pytest tests"><testsuite name="pytest" errors="1" failures="4" skipped="55" tests="1419" time="1556.285" timestamp="2026-02-20T20:52:03.494649+09:00" hostname="DESKTOP-DT4AV6L"><testcase classname="tests.e2e.test_l3_golden_route.TestL3Setup" name="test_load_and_inject_plot_roadmap" time="0.006" /><testcase classname="tests.e2e.test_l3_golden_route.TestL3PipelineSmoke" name="test_stage2_pipeline_smoke_with_real_data" time="2.538" /><testcase classname="tests.e2e.test_l3_stage2_realproject.TestSetup" name="test_bible_exists" time="0.072" /><testcase classname="tests.e2e.test_l3_stage2_realproject.TestSetup" name="test_genre_is_investment" time="0.083" /><testcase classname="tests.e2e.test_l3_stage2_realproject.TestSetup" name="test_arcs_initially_empty" time="0.076" /><testcase classname="tests.e2e.test_l3_stage2_realproject.TestPipelineSmoke" name="test_stage2_runs_3_blocks" time="2.262" /><testcase classname="tests.e2e.test_l3_stage2_realproject.TestPipelineSmoke" name="test_saved_arc_structure_valid" time="2.288" /><testcase classname="tests.e2e.test_l3_stage3_smoke.TestL3Stage3Setup" name="test_arcs_loaded" time="0.080" /><testcase classname="tests.e2e.test_l3_stage3_smoke.TestL3Stage3Setup" name="test_arc_structure" time="0.067" /><testcase classname="tests.e2e.test_l3_stage3_smoke.TestL3Stage3Setup" name="test_bible_has_plot_roadmap" time="0.072" /><testcase classname="tests.e2e.test_l3_stage3_smoke.TestL3Stage3Pipeline" name="test_stage3_runs_3_episodes" time="0.106" /><testcase classname="tests.e2e.test_l3_stage3_smoke.TestL3Stage3Pipeline" name="test_blueprint_content_valid" time="0.098" /><testcase classname="tests.e2e.test_l3_stage4_smoke" name="test_stage4_smoke_3ep" time="0.111" /><testcase classname="tests.e2e.test_l3_stage4_smoke" name="test_stage4_loop_termination" time="0.092" /><testcase classname="tests.e2e.test_l3_stage4_smoke" name="test_stage4_no_blueprint_stops" time="0.083" /><testcase classname="tests.e2e.test_l3_stage4_smoke" name="test_stage4_session_none_returns" time="0.094" /><testcase classname="tests.e2e.test_npc_continuity_e2e.TestDeadNPCActionRejected" name="test_dead_npc_action_rejected" time="0.005" /><testcase classname="tests.e2e.test_npc_continuity_e2e.TestDeadNPCRecallAllowed" name="test_dead_npc_recall_allowed" time="0.000" /><testcase classname="tests.e2e.test_npc_continuity_e2e.TestNPCHistoryRecordsDeath" name="test_npc_history_records_death" time="0.245" /><testcase classname="tests.e2e.test_npc_continuity_e2e.TestNPCHistoryRecordsWeaponChange" name="test_npc_history_records_weapon_change" time="0.244" /><testcase classname="tests.e2e.test_npc_continuity_e2e.TestPersonalitySuddenChangeWarning" name="test_personality_sudden_change_warning" time="0.000" /><testcase classname="tests.e2e.test_npc_continuity_e2e.TestNPCHistoryInValidationContext" name="test_npc_history_in_validation_context" time="0.255" /><testcase classname="tests.e2e.test_npc_continuity_e2e.TestThresholdOverrideViaYAML" name="test_threshold_override_via_yaml" time="0.000" /><testcase classname="tests.e2e.test_retry_recovery_e2e.TestRound0PassSavesManuscript" name="test_round0_pass_saves_manuscript" time="0.235" /><testcase classname="tests.e2e.test_retry_recovery_e2e.TestRound0RejectTriggersRound1" name="test_round0_reject_triggers_round1" time="0.000" /><testcase classname="tests.e2e.test_retry_recovery_e2e.TestPatchModeEntryScore60" name="test_patch_mode_entry_score_60" time="0.000" /><testcase classname="tests.e2e.test_retry_recovery_e2e.TestPatchModeEntryScore60" name="test_patch_mode_boundary_50" time="0.000" /><testcase classname="tests.e2e.test_retry_recovery_e2e.TestLowScoreFullRewrite" name="test_low_score_full_rewrite" time="0.000" /><testcase classname="tests.e2e.test_retry_recovery_e2e.TestAllRoundsFailReturnsError" name="test_all_rounds_fail_returns_error" time="0.228" /><testcase classname="tests.e2e.test_retry_recovery_e2e.TestChainLinkSavedAfterPass" name="test_chain_link_saved_after_pass" time="0.253" /><testcase classname="tests.e2e.test_smoke_pipeline.TestStage4ContextCreation" name="test_stage4_context_creation" time="0.260"><failure message="AssertionError: assert 26 == 33&#10; +  where 26 = len(('ui', 'current_project', 'agents', 'sys', 'state_tracker', 'memory', ...))&#10; +    where ('ui', 'current_project', 'agents', 'sys', 'state_tracker', 'memory', ...) = Stage4Context.__slots__">E   AssertionError: assert 26 == 33
     +  where 26 = len(('ui', 'current_project', 'agents', 'sys', 'state_tracker', 'memory', ...))
     +    where ('ui', 'current_project', 'agents', 'sys', 'state_tracker', 'memory', ...) = Stage4Context.__slots__</failure></testcase><testcase classname="tests.e2e.test_smoke_pipeline.TestDBSchemaComplete" name="test_db_schema_complete" time="0.265" /><testcase classname="tests.e2e.test_smoke_pipeline.TestBibleDBRoundtrip" name="test_bible_db_roundtrip" time="0.224" /><testcase classname="tests.e2e.test_smoke_pipeline.TestBlueprintDBRoundtrip" name="test_blueprint_db_roundtrip" time="0.238" /><testcase classname="tests.e2e.test_smoke_pipeline.TestValidationHappyPath" name="test_validation_happy_path" time="0.000" /><testcase classname="tests.e2e.test_smoke_pipeline.TestBlockingMinLengthReject" name="test_blocking_min_length_reject" time="0.000" /><testcase classname="tests.e2e.test_smoke_pipeline.TestWorldStateInitSaveLoad" name="test_world_state_init_save_load" time="0.238" /><testcase classname="tests.e2e.test_smoke_pipeline.TestFactLedgerInitSaveLoad" name="test_fact_ledger_init_save_load" time="0.223" /><testcase classname="tests.test_action_scene_evaluator.TestInstantiation" name="test_create[wuxia]" time="0.000" /><testcase classname="tests.test_action_scene_evaluator.TestInstantiation" name="test_create[hunter]" time="0.000" /><testcase classname="tests.test_action_scene_evaluator.TestInstantiation" name="test_create[investment]" time="0.000" /><testcase classname="tests.test_action_scene_evaluator.TestInstantiation" name="test_action_keywords_populated[wuxia]" time="0.000" /><testcase classname="tests.test_action_scene_evaluator.TestInstantiation" name="test_action_keywords_populated[hunter]" time="0.000" /><testcase classname="tests.test_action_scene_evaluator.TestInstantiation" name="test_action_keywords_populated[investment]" time="0.000" /><testcase classname="tests.test_action_scene_evaluator.TestEvaluate" name="test_returns_dict[wuxia]" time="0.000" /><testcase classname="tests.test_action_scene_evaluator.TestEvaluate" name="test_returns_dict[hunter]" time="0.000" /><testcase classname="tests.test_action_scene_evaluator.TestEvaluate" name="test_returns_dict[investment]" time="0.000" /><testcase classname="tests.test_action_scene_evaluator.TestEvaluate" name="test_score_in_range[wuxia]" time="0.000" /><testcase classname="tests.test_action_scene_evaluator.TestEvaluate" name="test_score_in_range[hunter]" time="0.000" /><testcase classname="tests.test_action_scene_evaluator.TestEvaluate" name="test_score_in_range[investment]" time="0.000" /><testcase classname="tests.test_action_scene_evaluator.TestEvaluate" name="test_empty_manuscript[wuxia]" time="0.000" /><testcase classname="tests.test_action_scene_evaluator.TestEvaluate" name="test_empty_manuscript[hunter]" time="0.000" /><testcase classname="tests.test_action_scene_evaluator.TestEvaluate" name="test_empty_manuscript[investment]" time="0.000" /><testcase classname="tests.test_action_scene_evaluator.TestExtractActionScenes" name="test_returns_list[wuxia]" time="0.000" /><testcase classname="tests.test_action_scene_evaluator.TestExtractActionScenes" name="test_returns_list[hunter]" time="0.000" /><testcase classname="tests.test_action_scene_evaluator.TestExtractActionScenes" name="test_returns_list[investment]" time="0.000" /><testcase classname="tests.test_action_scene_evaluator.TestEvaluateChoreography" name="test_returns_dict[wuxia]" time="0.000" /><testcase classname="tests.test_action_scene_evaluator.TestEvaluateChoreography" name="test_returns_dict[hunter]" time="0.000" /><testcase classname="tests.test_action_scene_evaluator.TestEvaluateChoreography" name="test_returns_dict[investment]" time="0.000" /><testcase classname="tests.test_action_scene_evaluator.TestEvaluateChoreography" name="test_empty_scenes[wuxia]" time="0.000" /><testcase classname="tests.test_action_scene_evaluator.TestEvaluateChoreography" name="test_empty_scenes[hunter]" time="0.000" /><testcase classname="tests.test_action_scene_evaluator.TestEvaluateChoreography" name="test_empty_scenes[investment]" time="0.000" /><testcase classname="tests.test_action_scene_evaluator.TestEvaluateStakesEscalation" name="test_returns_dict[wuxia]" time="0.000" /><testcase classname="tests.test_action_scene_evaluator.TestEvaluateStakesEscalation" name="test_returns_dict[hunter]" time="0.000" /><testcase classname="tests.test_action_scene_evaluator.TestEvaluateStakesEscalation" name="test_returns_dict[investment]" time="0.000" /><testcase classname="tests.test_action_scene_evaluator.TestEvaluateStakesEscalation" name="test_single_scene[wuxia]" time="0.000" /><testcase classname="tests.test_action_scene_evaluator.TestEvaluateStakesEscalation" name="test_single_scene[hunter]" time="0.000" /><testcase classname="tests.test_action_scene_evaluator.TestEvaluateStakesEscalation" name="test_single_scene[investment]" time="0.000" /><testcase classname="tests.test_agent_perf_timer.TestChiefWriterTimer" name="test_timer_log_emitted" time="0.004" /><testcase classname="tests.test_agent_perf_timer.TestChiefWriterTimer" name="test_timer_exception_non_propagating" time="0.003" /><testcase classname="tests.test_agent_perf_timer.TestArcEnsembleTimer" name="test_timer_log_emitted" time="0.003" /><testcase classname="tests.test_agent_perf_timer.TestBlueprintEnsembleTimer" name="test_timer_log_emitted" time="0.003" /><testcase classname="tests.test_agent_perf_timer.TestConsensusTimer" name="test_timer_log_emitted" time="0.002" /><testcase classname="tests.test_agent_perf_timer.TestDirectorAuditorTimer" name="test_timer_log_emitted" time="0.002" /><testcase classname="tests.test_agent_perf_timer.TestTimerExceptionSafety" name="test_time_monotonic_failure_non_propagating" time="0.000" /><testcase classname="tests.test_agents.TestBaseAgent" name="test_agent_initialization" time="0.001"><skipped type="pytest.xfail" message="BaseAgent.__init__ signature changed: requires (context, client) not (config)" /></testcase><testcase classname="tests.test_agents.TestBaseAgent" name="test_ask_method_returns_json" time="0.000"><skipped type="pytest.xfail" message="[NOTRUN] Agent constructor/API signatures changed" /></testcase><testcase classname="tests.test_agents.TestBaseAgent" name="test_ask_handles_invalid_json" time="0.000"><skipped type="pytest.xfail" message="[NOTRUN] Agent constructor/API signatures changed" /></testcase><testcase classname="tests.test_agents.TestBaseAgent" name="test_escape_braces_method" time="0.000"><skipped type="pytest.xfail" message="[NOTRUN] Agent constructor/API signatures changed" /></testcase><testcase classname="tests.test_agents.TestBaseAgent" name="test_backup_model_fallback" time="0.000"><skipped type="pytest.xfail" message="[NOTRUN] Agent constructor/API signatures changed" /></testcase><testcase classname="tests.test_agents.TestBaseAgent" name="test_continuation_on_max_tokens" time="0.000"><skipped type="pytest.xfail" message="[NOTRUN] Agent constructor/API signatures changed" /></testcase><testcase classname="tests.test_agents.TestBaseAgent" name="test_error_type_classification" time="0.000"><skipped type="pytest.xfail" message="[NOTRUN] Agent constructor/API signatures changed" /></testcase><testcase classname="tests.test_agents.TestWriterAgent" name="test_writer_initialization" time="0.000"><skipped type="pytest.xfail" message="[NOTRUN] Agent constructor/API signatures changed" /></testcase><testcase classname="tests.test_agents.TestWriterAgent" name="test_write_manuscript_structure" time="0.000"><skipped type="pytest.xfail" message="[NOTRUN] Agent constructor/API signatures changed" /></testcase><testcase classname="tests.test_agents.TestWriterAgent" name="test_writer_style_seeds_loading" time="0.000"><skipped type="pytest.xfail" message="[NOTRUN] Agent constructor/API signatures changed" /></testcase><testcase classname="tests.test_agents.TestDirectorAgent" name="test_director_initialization" time="0.000"><skipped type="pytest.xfail" message="[NOTRUN] Agent constructor/API signatures changed" /></testcase><testcase classname="tests.test_agents.TestDirectorAgent" name="test_audit_manuscript_pass" time="0.000"><skipped type="pytest.xfail" message="[NOTRUN] Agent constructor/API signatures changed" /></testcase><testcase classname="tests.test_agents.TestDirectorAgent" name="test_audit_manuscript_reject" time="0.000"><skipped type="pytest.xfail" message="[NOTRUN] Agent constructor/API signatures changed" /></testcase><testcase classname="tests.test_agents.TestDirectorAgent" name="test_director_v0128_integration" time="0.000"><skipped type="pytest.xfail" message="[NOTRUN] Agent constructor/API signatures changed" /></testcase><testcase classname="tests.test_agents.TestAnalystAgent" name="test_analyst_initialization" time="0.000"><skipped type="pytest.xfail" message="[NOTRUN] Agent constructor/API signatures changed" /></testcase><testcase classname="tests.test_agents.TestAnalystAgent" name="test_plan_volumes_structure" time="0.000"><skipped type="pytest.xfail" message="[NOTRUN] Agent constructor/API signatures changed" /></testcase><testcase classname="tests.test_agents.TestAnalystAgent" name="test_analyst_genre_library_loading" time="0.000"><skipped type="pytest.xfail" message="[NOTRUN] Agent constructor/API signatures changed" /></testcase><testcase classname="tests.test_agents.TestWeaverAgent" name="test_weaver_initialization" time="0.000"><skipped type="pytest.xfail" message="[NOTRUN] Agent constructor/API signatures changed" /></testcase><testcase classname="tests.test_agents.TestWeaverAgent" name="test_foreshadowing_management" time="0.000"><skipped type="pytest.xfail" message="[NOTRUN] Agent constructor/API signatures changed" /></testcase><testcase classname="tests.test_agents.TestManagerAgent" name="test_manager_initialization" time="0.000"><skipped type="pytest.xfail" message="[NOTRUN] Agent constructor/API signatures changed" /></testcase><testcase classname="tests.test_agents.TestManagerAgent" name="test_coordinate_production" time="0.000"><skipped type="pytest.xfail" message="[NOTRUN] Agent constructor/API signatures changed" /></testcase><testcase classname="tests.test_agents.TestAgentModelTiers" name="test_tier_progression_on_reject" time="0.000"><skipped type="pytest.xfail" message="[NOTRUN] Agent constructor/API signatures changed" /></testcase><testcase classname="tests.test_agents.TestAgentModelTiers" name="test_stage4_fixed_model" time="0.000"><skipped type="pytest.xfail" message="[NOTRUN] Agent constructor/API signatures changed" /></testcase><testcase classname="tests.test_arc_difficulty" name="test_get_arc_difficulty_unknown_when_no_records" time="0.001" /><testcase classname="tests.test_arc_difficulty" name="test_get_arc_difficulty_easy" time="0.001" /><testcase classname="tests.test_arc_difficulty" name="test_get_arc_difficulty_hard_and_hard_episodes" time="0.001" /><testcase classname="tests.test_arc_draft_validator" name="test_validate_grant_timeline_detects_duplicate_from_state_constraints" time="0.002" /><testcase classname="tests.test_arc_patch_mode.TestArcPatchMode" name="test_patch_success" time="0.008" /><testcase classname="tests.test_arc_patch_mode.TestArcPatchMode" name="test_patch_failure_returns_none" time="0.007" /><testcase classname="tests.test_arc_patch_mode.TestArcPatchMode" name="test_patch_validate_reject_returns_none" time="0.007" /><testcase classname="tests.test_arc_patch_mode.TestArcPatchMode" name="test_yaml_load_failure_uses_inline_fallback" time="0.008" /><testcase classname="tests.test_arc_patch_mode.TestPatchModeThreshold" name="test_score_below_threshold_no_patch" time="0.000" /><testcase classname="tests.test_arc_patch_mode.TestPatchModeThreshold" name="test_score_at_threshold_triggers_patch" time="0.000" /><testcase classname="tests.test_arc_patch_mode.TestPatchModeThreshold" name="test_score_above_threshold_triggers_patch" time="0.000" /><testcase classname="tests.test_audit_service.TestAuditEvent" name="test_audit_event_appends_to_buffer" time="0.002" /><testcase classname="tests.test_audit_service.TestAuditEvent" name="test_audit_event_appends_to_runtime_audit" time="0.002" /><testcase classname="tests.test_audit_service.TestFlushAuditBuffer" name="test_flush_writes_jsonl_file" time="0.003" /><testcase classname="tests.test_audit_service.TestFlushAuditBuffer" name="test_flush_clears_buffer" time="0.002" /><testcase classname="tests.test_audit_service.TestWriteAuditSummary" name="test_write_summary_calls_flush_first" time="0.004" /><testcase classname="tests.test_audit_service.TestWriteAuditSummary" name="test_write_summary_creates_json_file" time="0.003" /><testcase classname="tests.test_audit_service.TestFacadeStub" name="test_facade_stub_delegates_correctly" time="0.002" /><testcase classname="tests.test_audit_service.TestEdgeCases" name="test_flush_no_project_skips" time="0.000" /><testcase classname="tests.test_base_agent.TestExtractJsonRobustNormal" name="test_valid_json" time="0.001" /><testcase classname="tests.test_base_agent.TestExtractJsonRobustNormal" name="test_json_with_markdown_fences" time="0.000" /><testcase classname="tests.test_base_agent.TestExtractJsonRobustNormal" name="test_nested_json" time="0.000" /><testcase classname="tests.test_base_agent.TestExtractJsonRobustDamaged" name="test_unclosed_brace" time="0.001" /><testcase classname="tests.test_base_agent.TestExtractJsonRobustDamaged" name="test_empty_input" time="0.000" /><testcase classname="tests.test_base_agent.TestExtractJsonRobustDamaged" name="test_none_input" time="0.000" /><testcase classname="tests.test_base_agent.TestExtractJsonRobustDamaged" name="test_non_string_input" time="0.000" /><testcase classname="tests.test_base_agent.TestExtractJsonRobustDamaged" name="test_tactical_doc_regex_extraction" time="0.001" /><testcase classname="tests.test_base_agent.TestExtractJsonRobustDamaged" name="test_content_regex_extraction" time="0.001" /><testcase classname="tests.test_base_agent.TestExtractJsonRobustDamaged" name="test_odd_quotes_repaired" time="0.001" /><testcase classname="tests.test_base_agent.TestEscapeBraces" name="test_basic_escape" time="0.000" /><testcase classname="tests.test_base_agent.TestEscapeBraces" name="test_already_escaped" time="0.000" /><testcase classname="tests.test_base_agent.TestEscapeBraces" name="test_empty_string" time="0.000" /><testcase classname="tests.test_base_agent.TestEscapeBraces" name="test_none_input" time="0.000" /><testcase classname="tests.test_base_agent.TestEscapeBraces" name="test_non_string_input" time="0.000" /><testcase classname="tests.test_base_agent.TestEscapeBraces" name="test_no_braces" time="0.000" /><testcase classname="tests.test_base_agent.TestEscapeBraces" name="test_force_escape" time="0.000" /><testcase classname="tests.test_base_agent.TestEscapeBraces" name="test_mixed_braces" time="0.000" /><testcase classname="tests.test_base_agent.TestClassifyError" name="test_timeout_error" time="0.000" /><testcase classname="tests.test_base_agent.TestClassifyError" name="test_quota_error" time="0.000" /><testcase classname="tests.test_base_agent.TestClassifyError" name="test_rate_error" time="0.000" /><testcase classname="tests.test_base_agent.TestClassifyError" name="test_network_error" time="0.000" /><testcase classname="tests.test_base_agent.TestClassifyError" name="test_json_error" time="0.000" /><testcase classname="tests.test_base_agent.TestClassifyError" name="test_unknown_error" time="0.000" /><testcase classname="tests.test_base_agent.TestValidateResponse" name="test_valid_response" time="0.000" /><testcase classname="tests.test_base_agent.TestValidateResponse" name="test_empty_response" time="0.000" /><testcase classname="tests.test_base_agent.TestValidateResponse" name="test_none_response" time="0.000" /><testcase classname="tests.test_base_agent.TestValidateResponse" name="test_short_response" time="0.000" /><testcase classname="tests.test_base_agent.TestValidateResponse" name="test_no_json_start" time="0.000" /><testcase classname="tests.test_base_agent.TestValidateResponse" name="test_unbalanced_braces" time="0.000" /><testcase classname="tests.test_base_agent.TestValidateResponse" name="test_no_key_fields" time="0.000" /><testcase classname="tests.test_base_agent.TestIsNetworkError" name="test_timeout_is_network" time="0.000" /><testcase classname="tests.test_base_agent.TestIsNetworkError" name="test_connection_is_network" time="0.000" /><testcase classname="tests.test_base_agent.TestIsNetworkError" name="test_ssl_is_network" time="0.000" /><testcase classname="tests.test_base_agent.TestIsNetworkError" name="test_quota_is_not_network" time="0.000" /><testcase classname="tests.test_base_agent.TestIsNetworkError" name="test_json_is_not_network" time="0.001" /><testcase classname="tests.test_base_agent.TestErrorResponse" name="test_create_error_response" time="0.000" /><testcase classname="tests.test_base_agent.TestErrorResponse" name="test_recovery_hints" time="0.000" /><testcase classname="tests.test_base_agent.TestModelFallbackChain" name="test_gemini3_falls_to_25pro" time="0.000" /><testcase classname="tests.test_base_agent.TestModelFallbackChain" name="test_25pro_is_terminal" time="0.000" /><testcase classname="tests.test_base_agent.TestModelFallbackChain" name="test_flash_chain" time="0.000" /><testcase classname="tests.test_base_agent.TestThinkingBudgetMap" name="test_minimal_budget" time="0.000" /><testcase classname="tests.test_base_agent.TestThinkingBudgetMap" name="test_maximum_budget" time="0.000" /><testcase classname="tests.test_base_agent.TestThinkingBudgetMap" name="test_all_levels_exist" time="0.000" /><testcase classname="tests.test_base_agent.TestParseAndRepairHard" name="test_missing_closing_brace" time="0.001" /><testcase classname="tests.test_base_agent.TestParseAndRepairHard" name="test_null_to_none" time="0.000" /><testcase classname="tests.test_base_agent.TestParseAndRepairHard" name="test_regex_fallback" time="0.000" /><testcase classname="tests.test_base_agent.TestMergeContextsForCaching" name="test_blueprint_merge" time="0.000" /><testcase classname="tests.test_base_agent.TestMergeContextsForCaching" name="test_manuscript_merge" time="0.000" /><testcase classname="tests.test_base_agent.TestMergeContextsForCaching" name="test_empty_items" time="0.000" /><testcase classname="tests.test_base_agent.TestJsonSafetyC11" name="test_regex_captures_numeric_values" time="0.001" /><testcase classname="tests.test_base_agent.TestJsonSafetyC11" name="test_payload_size_guard" time="0.033" /><testcase classname="tests.test_base_agent.TestJsonSafetyC11" name="test_deep_nesting_visit_limit" time="0.001" /><testcase classname="tests.test_base_agent.TestQuotaLock" name="test_quota_lock_exists" time="0.000" /><testcase classname="tests.test_base_agent.TestQuotaLock" name="test_quota_write_under_lock" time="0.000" /><testcase classname="tests.test_base_agent.TestContextCacheEviction" name="test_expired_cache_pop" time="0.001" /><testcase classname="tests.test_base_agent.TestContextCacheEviction" name="test_eviction_snapshot" time="0.001" /><testcase classname="tests.test_blocking_validator_submodules.TestEntityChecks" name="test_dead_npc_recall_allowed" time="0.000" /><testcase classname="tests.test_blocking_validator_submodules.TestEntityChecks" name="test_dead_npc_action_blocked" time="0.000" /><testcase classname="tests.test_blocking_validator_submodules.TestEntityChecks" name="test_unowned_item_detected" time="0.000" /><testcase classname="tests.test_blocking_validator_submodules.TestEntityChecks" name="test_damaged_item_usage_detected" time="0.000" /><testcase classname="tests.test_blocking_validator_submodules.TestEntityChecks" name="test_destroyed_location_visit_detected" time="0.000" /><testcase classname="tests.test_blocking_validator_submodules.TestSceneChecks" name="test_minimum_length_pass" time="0.000" /><testcase classname="tests.test_blocking_validator_submodules.TestSceneChecks" name="test_minimum_length_fail" time="0.000" /><testcase classname="tests.test_blocking_validator_submodules.TestSceneChecks" name="test_required_scenes_calls_keyword_extractor" time="0.000" /><testcase classname="tests.test_blocking_validator_submodules.TestSceneChecks" name="test_scope_overflow_smoke" time="0.000" /><testcase classname="tests.test_blocking_validator_submodules.TestSceneChecks" name="test_strength_grade" time="0.000" /><testcase classname="tests.test_blocking_validator_submodules.TestConsistencyChecks" name="test_extract_keywords" time="0.000" /><testcase classname="tests.test_blocking_validator_submodules.TestConsistencyChecks" name="test_relationship_consistency_without_context" time="0.000" /><testcase classname="tests.test_blocking_validator_submodules.TestConsistencyChecks" name="test_information_consistency_without_context" time="0.000" /><testcase classname="tests.test_blocking_validator_submodules.TestIntegration" name="test_validate_runs" time="0.000" /><testcase classname="tests.test_blocking_validator_submodules.TestIntegration" name="test_lazy_init" time="0.000" /><testcase classname="tests.test_blocking_validator_submodules.TestDegradedCheck" name="test_degraded_counter_increments" time="0.002" /><testcase classname="tests.test_blocking_validator_submodules.TestDegradedCheck" name="test_single_degraded_no_all_warning" time="0.002" /><testcase classname="tests.test_blueprint_patch_mode.TestBlueprintPatchMode" name="test_patch_success" time="0.006" /><testcase classname="tests.test_blueprint_patch_mode.TestBlueprintPatchMode" name="test_patch_failure_returns_none" time="0.006" /><testcase classname="tests.test_blueprint_patch_mode.TestBlueprintPatchMode" name="test_patch_exception_returns_none" time="0.009" /><testcase classname="tests.test_blueprint_patch_mode.TestBlueprintPatchMode" name="test_yaml_load_failure_uses_inline_fallback" time="0.007" /><testcase classname="tests.test_blueprint_patch_mode.TestBlueprintPatchIntegration" name="test_retry1_with_high_score_enters_patch" time="0.008" /><testcase classname="tests.test_blueprint_patch_mode.TestBlueprintPatchIntegration" name="test_low_score_skips_patch" time="0.007" /><testcase classname="tests.test_catharsis_timer.TestInstantiation" name="test_default_genre" time="0.000" /><testcase classname="tests.test_catharsis_timer.TestInstantiation" name="test_custom_genre" time="0.000" /><testcase classname="tests.test_catharsis_timer.TestInstantiation" name="test_max_frustration_default" time="0.000" /><testcase classname="tests.test_catharsis_timer.TestInstantiation" name="test_custom_max_frustration" time="0.000" /><testcase classname="tests.test_catharsis_timer.TestCheckCatharsisTiming" name="test_returns_dict" time="0.000" /><testcase classname="tests.test_catharsis_timer.TestCheckCatharsisTiming" name="test_catharsis_detected" time="0.000" /><testcase classname="tests.test_catharsis_timer.TestCheckCatharsisTiming" name="test_no_catharsis" time="0.000" /><testcase classname="tests.test_catharsis_timer.TestCheckCatharsisTiming" name="test_with_history" time="0.000" /><testcase classname="tests.test_catharsis_timer.TestAnalyzeCatharsis" name="test_returns_dict" time="0.000" /><testcase classname="tests.test_catharsis_timer.TestAnalyzeCatharsis" name="test_empty_text" time="0.000" /><testcase classname="tests.test_catharsis_timer.TestGetRecommendedCatharsisType" name="test_returns_list" time="0.000" /><testcase classname="tests.test_catharsis_timer.TestGetRecommendedCatharsisType" name="test_with_context" time="0.000" /><testcase classname="tests.test_catharsis_timer.TestRecordEpisode" name="test_returns_dict" time="0.000" /><testcase classname="tests.test_catharsis_timer.TestRecordEpisode" name="test_sequential_recording" time="0.000" /><testcase classname="tests.test_chief_writer.TestChiefWriterInit" name="test_attributes_exist" time="0.001" /><testcase classname="tests.test_chief_writer.TestChiefWriterInit" name="test_ensemble_strategies_defined" time="0.001" /><testcase classname="tests.test_chief_writer.TestChiefWriterInit" name="test_inherits_base_agent" time="0.001" /><testcase classname="tests.test_chief_writer.TestChiefWriterInit" name="test_timeout_constants" time="0.001" /><testcase classname="tests.test_chief_writer.TestBuildCommonContext" name="test_contains_blueprint_info" time="0.002" /><testcase classname="tests.test_chief_writer.TestBuildCommonContext" name="test_contains_hud_report" time="0.005" /><testcase classname="tests.test_chief_writer.TestBuildCommonContext" name="test_contains_arc_doc" time="0.002" /><testcase classname="tests.test_chief_writer.TestBuildCommonContext" name="test_contains_common_rules" time="0.002" /><testcase classname="tests.test_chief_writer.TestBuildCommonContext" name="test_director_feedback_included" time="0.002" /><testcase classname="tests.test_chief_writer.TestBuildCommonContextNoStyleGuide" name="test_no_style_guide" time="0.002" /><testcase classname="tests.test_chief_writer.TestBuildCommonContextNoStyleGuide" name="test_with_style_guide" time="0.003" /><testcase classname="tests.test_chief_writer.TestBuildCommonContextPrevText" name="test_prev_manuscript_generates_digest" time="0.023" /><testcase classname="tests.test_chief_writer.TestBuildCommonContextPrevText" name="test_no_prev_manuscript" time="0.002" /><testcase classname="tests.test_chief_writer.TestGenerateEpisodeDigest" name="test_death_detection" time="0.001" /><testcase classname="tests.test_chief_writer.TestGenerateEpisodeDigest" name="test_skill_acquisition" time="0.001" /><testcase classname="tests.test_chief_writer.TestGenerateEpisodeDigest" name="test_item_acquisition" time="0.001" /><testcase classname="tests.test_chief_writer.TestGenerateEpisodeDigest" name="test_injury_detection" time="0.001" /><testcase classname="tests.test_chief_writer.TestGenerateEpisodeDigestEmpty" name="test_empty_manuscript" time="0.001" /><testcase classname="tests.test_chief_writer.TestGenerateEpisodeDigestEmpty" name="test_short_manuscript" time="0.001" /><testcase classname="tests.test_chief_writer.TestGenerateEpisodeDigestEmpty" name="test_no_events_manuscript" time="0.001" /><testcase classname="tests.test_chief_writer.TestBuildProhibitionPrompts" name="test_future_guard_with_inventory" time="0.001" /><testcase classname="tests.test_chief_writer.TestBuildProhibitionPrompts" name="test_future_guard_empty" time="0.001" /><testcase classname="tests.test_chief_writer.TestBuildProhibitionPrompts" name="test_past_guard_with_deaths" time="0.001" /><testcase classname="tests.test_chief_writer.TestBuildProhibitionPrompts" name="test_past_guard_no_prev" time="0.001" /><testcase classname="tests.test_chief_writer.TestGenerateEnsemble" name="test_returns_candidates_list" time="0.007" /><testcase classname="tests.test_chief_writer.TestGenerateEnsemble" name="test_candidate_structure" time="0.006" /><testcase classname="tests.test_chief_writer.TestRegenerateWithFeedback" name="test_feedback_enhanced" time="0.007" /><testcase classname="tests.test_chief_writer.TestSanitizeLeakage" name="test_removes_banned_keys" time="0.001" /><testcase classname="tests.test_chief_writer.TestSanitizeLeakage" name="test_removes_english_parentheses" time="0.002" /><testcase classname="tests.test_chief_writer.TestSanitizeLeakage" name="test_empty_text" time="0.001" /><testcase classname="tests.test_chief_writer.TestEvaluateWithRubric" name="test_returns_float" time="0.001" /><testcase classname="tests.test_chief_writer.TestEvaluateWithRubric" name="test_empty_content_returns_low" time="0.001" /><testcase classname="tests.test_chief_writer.TestEvaluateWithRubric" name="test_short_content_returns_low" time="0.002" /><testcase classname="tests.test_chief_writer.TestGetDnaInstruction" name="test_ep1_special_dna" time="0.001" /><testcase classname="tests.test_chief_writer.TestGetDnaInstruction" name="test_ep2_continuity_mode" time="0.001" /><testcase classname="tests.test_chief_writer.TestGetDnaInstruction" name="test_ep50_continuity_mode" time="0.001" /><testcase classname="tests.test_chief_writer.TestDetectDeaths" name="test_death_detection" time="0.001" /><testcase classname="tests.test_chief_writer.TestDetectDeaths" name="test_no_deaths" time="0.001" /><testcase classname="tests.test_chief_writer.TestDetectDeaths" name="test_empty_manuscript" time="0.001" /><testcase classname="tests.test_chief_writer.TestGetNpcEquipmentSummary" name="test_extracts_equipment" time="0.001" /><testcase classname="tests.test_chief_writer.TestGetNpcEquipmentSummary" name="test_empty_npcs" time="0.001" /><testcase classname="tests.test_chief_writer.TestGetNpcEquipmentSummary" name="test_no_equipment" time="0.001" /><testcase classname="tests.test_chief_writer.TestCheckHudConsistency" name="test_weak_with_strong_action_no_justification" time="0.001" /><testcase classname="tests.test_chief_writer.TestCheckHudConsistency" name="test_weak_with_strong_action_justified" time="0.001" /><testcase classname="tests.test_chief_writer.TestCheckHudConsistency" name="test_healthy_with_strong_action" time="0.001" /><testcase classname="tests.test_chief_writer.TestStage4OrchestratorInit" name="test_init_with_app" time="0.001" /><testcase classname="tests.test_chief_writer.TestStage4OrchestratorInit" name="test_has_main_method" time="0.002" /><testcase classname="tests.test_chief_writer.TestStage4OrchestratorEarlyExit" name="test_no_bible_exits" time="0.004" /><testcase classname="tests.test_chief_writer.TestStage4OrchestratorEarlyExit" name="test_no_arcs_exits" time="0.003" /><testcase classname="tests.test_chief_writer.TestStage4PerfTimer" name="test_perf_timer_attribute_accessed" time="0.002" /><testcase classname="tests.test_chief_writer.TestFutureGuardDeadNPCs" name="test_dead_npcs_section" time="0.001" /><testcase classname="tests.test_chief_writer.TestFutureGuardDeadNPCs" name="test_item_timeline_included" time="0.003" /><testcase classname="tests.test_chief_writer.TestExtractNumericValue" name="test_int_value" time="0.001" /><testcase classname="tests.test_chief_writer.TestExtractNumericValue" name="test_float_value" time="0.001" /><testcase classname="tests.test_chief_writer.TestExtractNumericValue" name="test_string_value" time="0.001" /><testcase classname="tests.test_chief_writer.TestExtractNumericValue" name="test_no_number" time="0.001" /><testcase classname="tests.test_chief_writer.TestExtractNumericValue" name="test_none_value" time="0.001" /><testcase classname="tests.test_chief_writer.TestCheckHudAnomalies" name="test_ep1_no_anomalies" time="0.001" /><testcase classname="tests.test_chief_writer.TestCheckHudAnomalies" name="test_no_cache_no_anomalies" time="0.001" /><testcase classname="tests.test_chief_writer.TestWorldOriginConstraint" name="test_modern_person_context" time="0.002" /><testcase classname="tests.test_chief_writer.TestWorldOriginConstraint" name="test_primitive_person_context" time="0.003" /><testcase classname="tests.test_chief_writer.TestSelfCritique" name="test_returns_expected_structure" time="0.001" /><testcase classname="tests.test_chief_writer.TestSelfCritique" name="test_severity_levels" time="0.001" /><testcase classname="tests.test_chief_writer.TestBuildAntiTropeInstructions" name="test_contains_genre" time="0.001" /><testcase classname="tests.test_chief_writer.TestBuildAntiTropeInstructions" name="test_contains_cliche_warnings" time="0.001" /><testcase classname="tests.test_chief_writer.TestPrefetchManuscripts" name="test_cache_populated" time="0.002" /><testcase classname="tests.test_chief_writer.TestPrefetchManuscripts" name="test_cache_reuse" time="0.001" /><testcase classname="tests.test_chief_writer.TestGenerateEnsembleLoggingLevels" name="test_cache_activation_uses_info_level" time="0.001" /><testcase classname="tests.test_chief_writer.TestGenerateEnsembleLoggingLevels" name="test_candidate_timeout_uses_warning_level" time="0.000" /><testcase classname="tests.test_chief_writer_context.TestInitAndContext" name="test_context_builder_init" time="0.001" /><testcase classname="tests.test_chief_writer_context.TestInitAndContext" name="test_context_property" time="0.001" /><testcase classname="tests.test_chief_writer_context.TestBuildCommonContext" name="test_build_common_context_returns_string" time="0.002" /><testcase classname="tests.test_chief_writer_context.TestBuildCommonContext" name="test_build_common_context_with_feedback" time="0.002" /><testcase classname="tests.test_chief_writer_context.TestDigestAndGuards" name="test_generate_episode_digest_empty" time="0.001" /><testcase classname="tests.test_chief_writer_context.TestDigestAndGuards" name="test_generate_episode_digest_extracts_death" time="0.002" /><testcase classname="tests.test_chief_writer_context.TestDigestAndGuards" name="test_detect_deaths_from_manuscript" time="0.001" /><testcase classname="tests.test_chief_writer_context.TestDigestAndGuards" name="test_detect_past_events_from_manuscript" time="0.001" /><testcase classname="tests.test_chief_writer_context.TestDigestAndGuards" name="test_build_past_guard_section" time="0.001" /><testcase classname="tests.test_chief_writer_context.TestDigestAndGuards" name="test_build_future_guard_section" time="0.001" /><testcase classname="tests.test_chief_writer_context.TestDigestAndGuards" name="test_build_future_guard_section_empty" time="0.001" /><testcase classname="tests.test_chief_writer_context.TestHudMethods" name="test_extract_numeric_value_int" time="0.001" /><testcase classname="tests.test_chief_writer_context.TestHudMethods" name="test_extract_numeric_value_string" time="0.001" /><testcase classname="tests.test_chief_writer_context.TestHudMethods" name="test_extract_numeric_value_none" time="0.001" /><testcase classname="tests.test_chief_writer_context.TestHudMethods" name="test_check_hud_anomalies_no_data" time="0.001" /><testcase classname="tests.test_chief_writer_context.TestHudMethods" name="test_check_hud_anomalies_energy_spike" time="0.001" /><testcase classname="tests.test_chief_writer_context.TestNpcAndDna" name="test_get_npc_equipment_summary" time="0.001" /><testcase classname="tests.test_chief_writer_context.TestNpcAndDna" name="test_get_npc_frequency" time="0.001" /><testcase classname="tests.test_chief_writer_context.TestNpcAndDna" name="test_get_npc_frequency_warning" time="0.001" /><testcase classname="tests.test_chief_writer_context.TestNpcAndDna" name="test_get_dna_instruction_ep1" time="0.001" /><testcase classname="tests.test_chief_writer_context.TestNpcAndDna" name="test_get_dna_instruction_ep5" time="0.001" /><testcase classname="tests.test_chief_writer_context.TestMandatoryAndHelpers" name="test_build_anti_trope_instructions" time="0.001" /><testcase classname="tests.test_chief_writer_context.TestMandatoryAndHelpers" name="test_build_mandatory_context" time="0.001" /><testcase classname="tests.test_chief_writer_context.TestMandatoryAndHelpers" name="test_extract_recent_events" time="0.001" /><testcase classname="tests.test_chief_writer_context.TestMandatoryAndHelpers" name="test_extract_npc_last_states" time="0.001" /><testcase classname="tests.test_chief_writer_context.TestMandatoryAndHelpers" name="test_build_justification_guidance_physical" time="0.001" /><testcase classname="tests.test_chief_writer_context.TestMandatoryAndHelpers" name="test_build_justification_guidance_none" time="0.001" /><testcase classname="tests.test_chief_writer_quality.TestQualityGateBasics" name="test_quality_gate_init" time="0.000" /><testcase classname="tests.test_chief_writer_quality.TestQualityGateBasics" name="test_sanitize_leakage_empty" time="0.000" /><testcase classname="tests.test_chief_writer_quality.TestQualityGateBasics" name="test_sanitize_leakage_removes_banned_keys" time="0.000" /><testcase classname="tests.test_chief_writer_quality.TestQualityGateBasics" name="test_sanitize_leakage_removes_english_parentheses" time="0.000" /><testcase classname="tests.test_chief_writer_quality.TestApplyAndCritique" name="test_apply_self_critique_high_rubric_skip" time="0.001" /><testcase classname="tests.test_chief_writer_quality.TestApplyAndCritique" name="test_apply_self_critique_high_rubric_structural_issue_proceeds" time="0.001" /><testcase classname="tests.test_chief_writer_quality.TestApplyAndCritique" name="test_apply_self_critique_low_rubric_runs" time="0.001" /><testcase classname="tests.test_chief_writer_quality.TestApplyAndCritique" name="test_self_critique_no_issues" time="0.001" /><testcase classname="tests.test_chief_writer_quality.TestCheckerMethods" name="test_check_hud_consistency" time="0.000" /><testcase classname="tests.test_chief_writer_quality.TestCheckerMethods" name="test_check_hud_consistency_none_hud_report" time="0.000" /><testcase classname="tests.test_chief_writer_quality.TestCheckerMethods" name="test_check_cliche_overuse" time="0.000" /><testcase classname="tests.test_chief_writer_quality.TestCheckerMethods" name="test_check_cliche_overuse_recent" time="0.001" /><testcase classname="tests.test_chief_writer_quality.TestCheckerMethods" name="test_check_justification_gaps" time="0.000" /><testcase classname="tests.test_chief_writer_quality.TestCheckerMethods" name="test_check_justification_gaps_none_hud_report" time="0.000" /><testcase classname="tests.test_chief_writer_quality.TestCheckerMethods" name="test_check_npc_relationship" time="0.000" /><testcase classname="tests.test_chief_writer_quality.TestFixAndRubric" name="test_fix_manuscript_issues_calls_llm" time="0.001" /><testcase classname="tests.test_chief_writer_quality.TestFixAndRubric" name="test_fix_manuscript_issues_fallback" time="0.000" /><testcase classname="tests.test_chief_writer_quality.TestFixAndRubric" name="test_evaluate_with_rubric_short" time="0.000" /><testcase classname="tests.test_chief_writer_quality.TestFixAndRubric" name="test_evaluate_with_rubric_good" time="0.001" /><testcase classname="tests.test_chief_writer_quality.TestRecentCliches" name="test_count_recent_cliches" time="0.000" /><testcase classname="tests.test_chief_writer_quality.TestRecentCliches" name="test_count_recent_cliches_empty_cache" time="0.000" /><testcase classname="tests.test_config_manager" name="test_load_settings_missing_file_returns_empty" time="0.002" /><testcase classname="tests.test_config_manager" name="test_load_settings_reads_yaml" time="0.004" /><testcase classname="tests.test_config_manager" name="test_get_guard_threshold_returns_default_on_missing_key" time="0.003" /><testcase classname="tests.test_config_manager" name="test_get_guard_threshold_type_mismatch_fallback" time="0.004" /><testcase classname="tests.test_config_manager" name="test_get_guard_threshold_numeric_coercion" time="0.003" /><testcase classname="tests.test_config_manager" name="test_get_validation_policy_alias" time="0.005" /><testcase classname="tests.test_config_manager" name="test_get_feature_flag_bool" time="0.003" /><testcase classname="tests.test_config_manager" name="test_get_feature_flag_type_mismatch_fallback" time="0.003" /><testcase classname="tests.test_config_manager" name="test_cache_and_invalidate" time="0.005" /><testcase classname="tests.test_config_manager" name="test_force_reload_bypasses_cache" time="0.005" /><testcase classname="tests.test_config_manager" name="test_malformed_yaml_returns_empty" time="0.003" /><testcase classname="tests.test_config_manager" name="test_nested_three_levels" time="0.003" /><testcase classname="tests.test_config_manager" name="test_none_default_accepts_any_type" time="0.004" /><testcase classname="tests.test_config_manager" name="test_existing_api_model_lookup" time="0.002" /><testcase classname="tests.test_config_manager" name="test_existing_api_getitem" time="0.003" /><testcase classname="tests.test_config_manager" name="test_missing_feature_flag_default" time="0.003" /><testcase classname="tests.test_config_manager" name="test_blocking_threshold_no_yaml_uses_default" time="0.002" /><testcase classname="tests.test_config_manager" name="test_blocking_threshold_yaml_override" time="0.003" /><testcase classname="tests.test_config_manager" name="test_scoring_threshold_no_yaml_uses_default" time="0.002" /><testcase classname="tests.test_config_manager" name="test_scoring_threshold_yaml_override" time="0.004" /><testcase classname="tests.test_config_manager" name="test_threshold_type_mismatch_uses_default" time="0.003" /><testcase classname="tests.test_config_manager" name="test_continuity_proximity_no_yaml_default" time="0.003" /><testcase classname="tests.test_config_manager" name="test_continuity_proximity_yaml_override" time="0.004" /><testcase classname="tests.test_config_manager" name="test_advisory_max_suggestions_no_yaml_default" time="0.003" /><testcase classname="tests.test_config_manager" name="test_advisory_max_suggestions_yaml_override" time="0.003" /><testcase classname="tests.test_consistency_validator" name="test_authority_delegation_uses_per_violation_justification_flag" time="0.000" /><testcase classname="tests.test_consistency_validator" name="test_effect_consistency_guard_handles_none_rule_map" time="0.000" /><testcase classname="tests.test_continuity_modules.TestContinuityArcValidatorInit" name="test_init_stores_inspector_ref" time="0.001" /><testcase classname="tests.test_continuity_modules.TestContinuityArcValidatorInit" name="test_init_has_public_methods" time="0.001" /><testcase classname="tests.test_continuity_modules.TestContinuityArcValidatorTimeline" name="test_arc1_returns_pass_without_prev_arcs" time="0.001" /><testcase classname="tests.test_continuity_modules.TestContinuityArcValidatorTimeline" name="test_arc_with_prev_arcs_calls_llm" time="0.004" /><testcase classname="tests.test_continuity_modules.TestContinuityArcValidatorTimeline" name="test_missing_tactical_doc_returns_reject" time="0.001" /><testcase classname="tests.test_continuity_modules.TestContinuityArcValidatorIntraArc" name="test_intra_arc_duplicate_acquisition" time="0.003" /><testcase classname="tests.test_continuity_modules.TestContinuityArcValidatorIntraArc" name="test_intra_arc_injury_state_discontinuity" time="0.002" /><testcase classname="tests.test_continuity_modules.TestContinuityArcValidatorIntraArc" name="test_format_prev_arcs_returns_string" time="0.001" /><testcase classname="tests.test_continuity_modules.TestContinuityArcValidatorIntraArc" name="test_extract_last_episode_content" time="0.001" /><testcase classname="tests.test_continuity_modules.TestContinuityManuscriptValidatorInit" name="test_init_stores_inspector_ref" time="0.001" /><testcase classname="tests.test_continuity_modules.TestContinuityManuscriptValidatorInit" name="test_has_acquisition_and_possession_patterns" time="0.002" /><testcase classname="tests.test_continuity_modules.TestContinuityManuscriptBlueprintMatch" name="test_first_episode_blueprint_only" time="0.001" /><testcase classname="tests.test_continuity_modules.TestContinuityManuscriptBlueprintMatch" name="test_empty_manuscript_rejected" time="0.001" /><testcase classname="tests.test_continuity_modules.TestContinuityManuscriptContradiction" name="test_villain_intelligence_detection" time="0.001" /><testcase classname="tests.test_continuity_modules.TestContinuityManuscriptContradiction" name="test_villain_intelligence_learning_reaction_is_minor" time="0.001" /><testcase classname="tests.test_continuity_modules.TestContinuityManuscriptContradiction" name="test_time_flow_warning" time="0.001" /><testcase classname="tests.test_continuity_modules.TestContinuityManuscriptCrossEpisodeDuplication" name="test_check_reader_immersion_free_powerup" time="0.002" /><testcase classname="tests.test_continuity_modules.TestContinuityManuscriptCrossEpisodeDuplication" name="test_skill_timeline_unlearned_skill" time="0.006" /><testcase classname="tests.test_continuity_modules.TestContinuityManuscriptCrossEpisodeDuplication" name="test_relationship_jump_detection" time="0.001" /><testcase classname="tests.test_continuity_modules.TestContinuityBlueprintValidatorInit" name="test_init_stores_inspector_ref" time="0.002" /><testcase classname="tests.test_continuity_modules.TestContinuityBlueprintValidatorInit" name="test_has_public_api" time="0.001" /><testcase classname="tests.test_continuity_modules.TestContinuityBlueprintValidation" name="test_first_ep_auto_pass" time="0.001" /><testcase classname="tests.test_continuity_modules.TestContinuityBlueprintValidation" name="test_missing_scenario_rejected" time="0.001" /><testcase classname="tests.test_continuity_modules.TestContinuityBlueprintValidation" name="test_normal_inspection_calls_llm" time="0.002" /><testcase classname="tests.test_continuity_modules.TestContinuityBlueprintValidation" name="test_python_precheck_duplicate_item" time="0.001" /><testcase classname="tests.test_continuity_modules.TestContinuityBlueprintValidation" name="test_format_prev_blueprints_returns_string" time="0.001" /><testcase classname="tests.test_continuity_modules.TestContinuityTrackerInit" name="test_init_stores_inspector_ref" time="0.001" /><testcase classname="tests.test_continuity_modules.TestContinuityTrackerInit" name="test_has_public_api" time="0.001" /><testcase classname="tests.test_continuity_modules.TestContinuityTrackerUpdate" name="test_init_trackers_disabled_when_modules_unavailable" time="0.002" /><testcase classname="tests.test_continuity_modules.TestContinuityTrackerUpdate" name="test_validate_with_trackers_disabled" time="0.002" /><testcase classname="tests.test_continuity_modules.TestContinuityTrackerQuery" name="test_load_trackers_from_db_disabled" time="0.001" /><testcase classname="tests.test_continuity_modules.TestContinuityTrackerQuery" name="test_load_trackers_from_db_empty_arcs" time="0.003" /><testcase classname="tests.test_continuity_modules.TestContinuityTrackerQuery" name="test_load_trackers_from_db_with_arc_data" time="0.002" /><testcase classname="tests.test_continuity_modules.TestContinuityTrackerQuery" name="test_get_protagonist_name_fallback" time="0.001" /><testcase classname="tests.test_continuity_modules.TestPreDirectorChecklistInit" name="test_init_enabled_by_default" time="0.000" /><testcase classname="tests.test_continuity_modules.TestPreDirectorChecklistInit" name="test_disabled_returns_empty_pass" time="0.000" /><testcase classname="tests.test_continuity_modules.TestPreDirectorChecklistInit" name="test_has_length_constants" time="0.000" /><testcase classname="tests.test_continuity_modules.TestPreDirectorChecklistGeneration" name="test_manuscript_check_returns_result" time="0.005" /><testcase classname="tests.test_continuity_modules.TestPreDirectorChecklistGeneration" name="test_blueprint_check_returns_result" time="0.000" /><testcase classname="tests.test_continuity_modules.TestPreDirectorChecklistGeneration" name="test_manuscript_too_short_fails" time="0.000" /><testcase classname="tests.test_continuity_modules.TestPreDirectorChecklistConstraintMap" name="test_blueprint_required_fields_check" time="0.000" /><testcase classname="tests.test_continuity_modules.TestPreDirectorChecklistConstraintMap" name="test_blueprint_scene_count_check" time="0.000" /><testcase classname="tests.test_continuity_modules.TestPreDirectorChecklistConstraintMap" name="test_forbidden_patterns_detected" time="0.001" /><testcase classname="tests.test_continuity_modules.TestPreDirectorChecklistEmptyInput" name="test_empty_manuscript" time="0.000" /><testcase classname="tests.test_continuity_modules.TestPreDirectorChecklistEmptyInput" name="test_empty_blueprint_json" time="0.000" /><testcase classname="tests.test_continuity_modules.TestPreDirectorChecklistEmptyInput" name="test_invalid_blueprint_json" time="0.000" /><testcase classname="tests.test_continuity_modules.TestPreDirectorChecklistEmptyInput" name="test_get_feedback_empty_when_all_pass" time="0.000" /><testcase classname="tests.test_continuity_modules.TestPreDirectorChecklistEmptyInput" name="test_get_feedback_with_blocking_reasons" time="0.000" /><testcase classname="tests.test_continuity_modules.TestPreDirectorChecklistNarrativeFlow" name="test_cliche_density_high" time="0.002" /><testcase classname="tests.test_continuity_modules.TestPreDirectorChecklistNarrativeFlow" name="test_sentence_variety_high_repetition" time="0.000" /><testcase classname="tests.test_continuity_modules.TestPreDirectorChecklistNarrativeFlow" name="test_pacing_rhythm_all_action" time="0.003" /><testcase classname="tests.test_continuity_modules.TestContinuityArcLLMFailure" name="test_llm_failure_returns_pass_with_warning" time="0.002" /><testcase classname="tests.test_continuity_modules.TestContinuityManuscriptLLMFailure" name="test_llm_failure_returns_pass" time="0.019" /><testcase classname="tests.test_continuity_modules.TestContinuityBlueprintLLMFailure" name="test_llm_failure_returns_pass" time="0.060" /><testcase classname="tests.test_continuity_modules.TestPreDirectorChecklistDialogueRatio" name="test_no_dialogue_fails" time="0.000" /><testcase classname="tests.test_continuity_modules.TestPreDirectorChecklistDialogueRatio" name="test_balanced_dialogue_passes" time="0.001" /><testcase classname="tests.test_continuity_modules.TestContinuityArcGenerateFixInstructions" name="test_generate_fix_instructions_duplicate" time="0.001" /><testcase classname="tests.test_continuity_modules.TestContinuityArcGenerateFixInstructions" name="test_generate_fix_instructions_empty" time="0.001" /><testcase classname="tests.test_cost_tracking" name="test_save_cost_record_and_get_cost_summary" time="0.246" /><testcase classname="tests.test_cost_tracking" name="test_get_cost_summary_filter_and_limit" time="0.278" /><testcase classname="tests.test_cost_tracking" name="test_snapshot_and_reset_scope" time="0.002" /><testcase classname="tests.test_cross_episode_repetition.TestSentenceHashDB" name="test_table_and_index_created" time="0.234" /><testcase classname="tests.test_cross_episode_repetition.TestSentenceHashDB" name="test_store_and_get_roundtrip" time="0.223" /><testcase classname="tests.test_cross_episode_repetition.TestSentenceHashDB" name="test_find_repeated_with_lookback" time="0.221" /><testcase classname="tests.test_cross_episode_repetition.TestSentenceHashDB" name="test_empty_input_safe" time="0.235" /><testcase classname="tests.test_cross_episode_repetition.TestSentenceFingerprint" name="test_basic_extraction" time="0.001" /><testcase classname="tests.test_cross_episode_repetition.TestSentenceFingerprint" name="test_min_length_filter" time="0.000" /><testcase classname="tests.test_cross_episode_repetition.TestSentenceFingerprint" name="test_duplicate_sentences_deduplicated" time="0.000" /><testcase classname="tests.test_cross_episode_repetition.TestSentenceFingerprint" name="test_normalization_whitespace" time="0.000" /><testcase classname="tests.test_cross_episode_repetition.TestCrossEpisodeDetection" name="test_overlap_warning" time="0.000" /><testcase classname="tests.test_cross_episode_repetition.TestCrossEpisodeDetection" name="test_overlap_regression" time="0.000" /><testcase classname="tests.test_cross_episode_repetition.TestCrossEpisodeDetection" name="test_below_threshold_returns_none" time="0.000" /><testcase classname="tests.test_cross_episode_repetition.TestCrossEpisodeDetection" name="test_empty_returns_none" time="0.000" /><testcase classname="tests.test_cross_episode_repetition.TestCrossEpisodeDetection" name="test_result_keys_complete" time="0.000" /><testcase classname="tests.test_db_manager.TestDBManagerCRUD" name="test_save_and_load_anchor" time="0.229" /><testcase classname="tests.test_db_manager.TestDBManagerCRUD" name="test_load_nonexistent_anchor" time="0.236"><skipped type="pytest.xfail" message="load_anchor returns {} instead of None + Windows file lock" /><skipped type="pytest.xfail" message="load_anchor returns {} instead of None + Windows file lock" /></testcase><testcase classname="tests.test_db_manager.TestDBManagerCRUD" name="test_update_anchor" time="0.225" /><testcase classname="tests.test_db_manager.TestDBManagerCRUD" name="test_save_blueprint" time="0.000"><skipped type="pytest.xfail" message="[NOTRUN] DBManager API drift + Windows SQLite file lock" /></testcase><testcase classname="tests.test_db_manager.TestDBManagerCRUD" name="test_save_manuscript" time="0.000"><skipped type="pytest.xfail" message="[NOTRUN] DBManager API drift + Windows SQLite file lock" /></testcase><testcase classname="tests.test_db_manager.TestDBManagerCRUD" name="test_get_latest_episode_number" time="0.000"><skipped type="pytest.xfail" message="[NOTRUN] DBManager API drift + Windows SQLite file lock" /></testcase><testcase classname="tests.test_db_manager.TestDBManagerCRUD" name="test_load_all_anchors" time="0.250" /><testcase classname="tests.test_db_manager.TestDBManagerCRUD" name="test_delete_anchor" time="0.000"><skipped type="pytest.xfail" message="[NOTRUN] DBManager API drift + Windows SQLite file lock" /></testcase><testcase classname="tests.test_db_manager.TestDBManagerCRUD" name="test_unicode_data" time="0.256" /><testcase classname="tests.test_db_manager.TestDBManagerCRUD" name="test_large_data" time="0.000"><skipped type="pytest.xfail" message="[NOTRUN] DBManager API drift + Windows SQLite file lock" /></testcase><testcase classname="tests.test_db_manager.TestDBManagerTransaction" name="test_transaction_commit" time="0.217" /><testcase classname="tests.test_db_manager.TestDBManagerTransaction" name="test_transaction_rollback_on_error" time="0.000"><skipped type="pytest.xfail" message="[NOTRUN] DBManager API drift + Windows SQLite file lock" /></testcase><testcase classname="tests.test_db_manager.TestDBManagerTransaction" name="test_nested_transaction_warning" time="0.271" /><testcase classname="tests.test_db_manager.TestDBManagerExceptionHandling" name="test_integrity_error_handling" time="0.231" /><testcase classname="tests.test_db_manager.TestDBManagerExceptionHandling" name="test_connection_reopen" time="0.247" /><testcase classname="tests.test_db_manager.TestDBManagerExceptionHandling" name="test_invalid_json_handling" time="0.000"><skipped type="pytest.xfail" message="[NOTRUN] DBManager API drift + Windows SQLite file lock" /></testcase><testcase classname="tests.test_db_manager.TestDBManagerMigration" name="test_auto_migration_on_init" time="0.232" /><testcase classname="tests.test_db_manager.TestDBManagerMigration" name="test_version_tracking" time="0.241" /><testcase classname="tests.test_db_manager.TestGetAllEpisodeBiblesJsonSafety" name="test_malformed_json_row_does_not_crash" time="0.232" /><testcase classname="tests.test_db_merge.TestSharedMode" name="test_shared_mode_creation" time="0.717" /><testcase classname="tests.test_db_merge.TestSharedMode" name="test_shared_mode_operational" time="0.648" /><testcase classname="tests.test_db_merge.TestSharedMode" name="test_shared_mode_close_preserves_connection" time="1.174" /><testcase classname="tests.test_db_merge.TestSharedMode" name="test_standalone_mode_unchanged" time="0.374" /><testcase classname="tests.test_db_merge.TestMigration" name="test_migration_copies_episode_meta" time="0.298" /><testcase classname="tests.test_db_merge.TestMigration" name="test_no_migration_when_no_old_db" time="0.228" /><testcase classname="tests.test_director_bias" name="test_detect_director_bias_high_avg_warns" time="0.000" /><testcase classname="tests.test_director_bias" name="test_detect_director_bias_low_avg_warns" time="0.000" /><testcase classname="tests.test_director_bias" name="test_detect_director_bias_insufficient_samples_no_warning" time="0.000" /><testcase classname="tests.test_director_bias" name="test_detect_director_bias_uses_numeric_score_denominator" time="0.000" /><testcase classname="tests.test_director_modules.TestDirectorCaching" name="test_initial_cache_state" time="0.001" /><testcase classname="tests.test_director_modules.TestDirectorCaching" name="test_build_manuscript_history_empty_db" time="0.001" /><testcase classname="tests.test_director_modules.TestDirectorCaching" name="test_build_manuscript_history_with_data" time="0.001" /><testcase classname="tests.test_director_modules.TestDirectorCaching" name="test_get_protagonist_config_caching" time="0.001" /><testcase classname="tests.test_director_modules.TestDirectorCaching" name="test_get_protagonist_config_empty_bible" time="0.000" /><testcase classname="tests.test_director_modules.TestDirectorCaching" name="test_create_manuscript_cache_disabled" time="0.001" /><testcase classname="tests.test_director_modules.TestDirectorCaching" name="test_create_manuscript_cache_no_previous" time="0.001" /><testcase classname="tests.test_director_modules.TestDirectorGrading" name="test_quality_weights_sum_to_one" time="0.000" /><testcase classname="tests.test_director_modules.TestDirectorGrading" name="test_quality_grades_ordering" time="0.000" /><testcase classname="tests.test_director_modules.TestDirectorGrading" name="test_grade_manuscript_high_score" time="0.000" /><testcase classname="tests.test_director_modules.TestDirectorGrading" name="test_grade_manuscript_low_score" time="0.000" /><testcase classname="tests.test_director_modules.TestDirectorGrading" name="test_extract_category_score_missing" time="0.000" /><testcase classname="tests.test_director_modules.TestDirectorGrading" name="test_generate_revision_guide_grade_d" time="0.000" /><testcase classname="tests.test_director_modules.TestDirectorGrading" name="test_generate_revision_guide_grade_a" time="0.000" /><testcase classname="tests.test_director_modules.TestDirectorGrading" name="test_format_revision_report" time="0.000" /><testcase classname="tests.test_director_modules.TestDirectorGrading" name="test_weakness_descriptions" time="0.000" /><testcase classname="tests.test_director_modules.TestDirectorEnsemble" name="test_select_and_judge_ensemble_method_exists" time="0.003" /><testcase classname="tests.test_director_modules.TestDirectorEnsemble" name="test_compare_and_select_blueprint_no_candidates" time="0.003" /><testcase classname="tests.test_director_modules.TestDirectorEnsemble" name="test_compare_and_select_single_candidate_pass" time="0.003" /><testcase classname="tests.test_director_modules.TestDirectorEnsemble" name="test_compare_and_select_single_candidate_reject_short" time="0.003" /><testcase classname="tests.test_director_modules.TestDirectorEnsemble" name="test_compare_and_select_single_candidate_reject_few_scenes" time="0.003" /><testcase classname="tests.test_director_modules.TestDirectorEnsemble" name="test_ensemble_all_short_manuscripts_reject" time="0.003" /><testcase classname="tests.test_director_modules.TestDirectorEnsemble" name="test_quick_judge_single_short_manuscript" time="0.003" /><testcase classname="tests.test_director_modules.TestDirectorContinuity" name="test_validate_entity_consistency_disabled" time="0.003" /><testcase classname="tests.test_director_modules.TestDirectorContinuity" name="test_validate_entity_consistency_empty_registry" time="0.003" /><testcase classname="tests.test_director_modules.TestDirectorContinuity" name="test_format_entity_registry_empty" time="0.003" /><testcase classname="tests.test_director_modules.TestDirectorContinuity" name="test_format_entity_registry_with_characters" time="0.003" /><testcase classname="tests.test_director_modules.TestDirectorContinuity" name="test_validate_blueprint_completeness_empty_blueprint" time="0.003" /><testcase classname="tests.test_director_modules.TestDirectorContinuity" name="test_validate_blueprint_completeness_good_coverage" time="0.003" /><testcase classname="tests.test_director_modules.TestDirectorContinuity" name="test_check_manuscript_history_conflicts_disabled" time="0.003" /><testcase classname="tests.test_director_modules.TestDirectorContinuity" name="test_check_manuscript_history_conflicts_no_history" time="0.003" /><testcase classname="tests.test_director_modules.TestDirectorContinuity" name="test_check_blueprint_continuity_ep1" time="0.003" /><testcase classname="tests.test_director_modules.TestDirectorContinuity" name="test_check_manuscript_continuity_ep1" time="0.003" /><testcase classname="tests.test_director_modules.TestDirectorContinuity" name="test_check_manuscript_history_with_cache_no_cache" time="0.002" /><testcase classname="tests.test_director_modules.TestDirectorContinuitySweep21" name="test_check_manuscript_continuity_reuses_cached_context_name" time="0.003" /><testcase classname="tests.test_director_modules.TestDirectorContinuitySweep21" name="test_validate_entity_consistency_logs_warning_on_mismatch" time="0.003" /><testcase classname="tests.test_director_modules.TestDirectorAuditor" name="test_audit_manuscript_method_exists" time="0.003" /><testcase classname="tests.test_director_modules.TestDirectorAuditor" name="test_genre_validation_no_guard" time="0.004" /><testcase classname="tests.test_director_modules.TestDirectorAuditor" name="test_assess_character_logic_no_profiles" time="0.003" /><testcase classname="tests.test_director_modules.TestDirectorAuditor" name="test_audit_with_v0128_delegation" time="0.004" /><testcase classname="tests.test_director_modules.TestDirectorAuditor" name="test_audit_manuscript_v0128_error_handling" time="0.003" /><testcase classname="tests.test_director_modules.TestDirectorAuditor" name="test_audit_manuscript_legacy_expand_prev_called_once" time="0.003" /><testcase classname="tests.test_director_modules.TestDirectorFacade" name="test_facade_has_all_submodules" time="0.003" /><testcase classname="tests.test_director_modules.TestDirectorFacade" name="test_facade_grade_manuscript_delegates" time="0.003" /><testcase classname="tests.test_director_modules.TestDirectorFacade" name="test_facade_ensemble_select_delegates" time="0.003" /><testcase classname="tests.test_director_modules.TestDirectorFacade" name="test_facade_history_conflicts_delegates" time="0.003" /><testcase classname="tests.test_director_modules.TestDirectorFacade" name="test_facade_quick_judge_delegates" time="0.003" /><testcase classname="tests.test_director_modules.TestDirectorFacade" name="test_facade_create_cache_delegates" time="0.003" /><testcase classname="tests.test_director_modules.TestDirectorFacade" name="test_facade_format_revision_delegates" time="0.003" /><testcase classname="tests.test_director_modules.TestDirectorCoreMethods" name="test_set_genre" time="0.003" /><testcase classname="tests.test_director_modules.TestDirectorCoreMethods" name="test_set_guard" time="0.003" /><testcase classname="tests.test_director_modules.TestDirectorCoreMethods" name="test_get_adaptive_threshold_disabled" time="0.003" /><testcase classname="tests.test_director_modules.TestDirectorCoreMethods" name="test_get_adaptive_threshold_intro_episode" time="0.003" /><testcase classname="tests.test_director_modules.TestDirectorCoreMethods" name="test_get_adaptive_threshold_climax_episode" time="0.004" /><testcase classname="tests.test_director_modules.TestDirectorCoreMethods" name="test_get_adaptive_threshold_genre_investment" time="0.003" /><testcase classname="tests.test_director_modules.TestDirectorCoreMethods" name="test_get_adaptive_threshold_retry_relaxation" time="0.003" /><testcase classname="tests.test_director_modules.TestDirectorCoreMethods" name="test_get_adaptive_threshold_clamped" time="0.003" /><testcase classname="tests.test_director_modules.TestDirectorCoreMethods" name="test_apply_adaptive_decision_pass_above_threshold" time="0.003" /><testcase classname="tests.test_director_modules.TestDirectorCoreMethods" name="test_apply_adaptive_decision_reject_overridden" time="0.003" /><testcase classname="tests.test_director_modules.TestDirectorCoreMethods" name="test_apply_adaptive_decision_pass_below_threshold" time="0.003" /><testcase classname="tests.test_director_modules.TestDirectorCoreMethods" name="test_on_approve_workflow_empty_updates" time="0.003" /><testcase classname="tests.test_director_modules.TestDirectorCoreMethods" name="test_on_approve_workflow_valid_updates" time="0.003" /><testcase classname="tests.test_director_modules.TestDirectorCoreMethods" name="test_on_approve_workflow_rejects_excessive_increase" time="0.004" /><testcase classname="tests.test_director_modules.TestDirectorCoreMethods" name="test_audit_manuscript_too_short" time="0.003" /><testcase classname="tests.test_director_modules.TestDirectorCoreMethods" name="test_validate_protagonist_config_modern_origin_pass" time="0.003" /><testcase classname="tests.test_director_modules.TestDirectorCoreMethods" name="test_protagonist_config_disabled" time="0.003" /><testcase classname="tests.test_director_modules.TestDirectorCoreMethods" name="test_quality_grades_constant_accessible" time="0.003" /><testcase classname="tests.test_director_modules.TestDirectorCoreMethods" name="test_ensemble_prompt_constant_accessible" time="0.003" /><testcase classname="tests.test_edge_cases.TestExtremeValues" name="test_empty_string_manuscript" time="0.263"><skipped type="pytest.xfail" message="Windows SQLite file lock - DB handle not closed before fixture cleanup" /><skipped type="pytest.xfail" message="Windows SQLite file lock - DB handle not closed before fixture cleanup" /></testcase><testcase classname="tests.test_edge_cases.TestExtremeValues" name="test_zero_length_validation" time="0.000"><skipped type="pytest.xfail" message="BlockingValidator behavior changed" /></testcase><testcase classname="tests.test_edge_cases.TestExtremeValues" name="test_very_long_manuscript" time="0.239"><skipped type="pytest.xfail" message="Windows SQLite file lock - DB handle not closed before fixture cleanup" /><skipped type="pytest.xfail" message="Windows SQLite file lock - DB handle not closed before fixture cleanup" /></testcase><testcase classname="tests.test_edge_cases.TestExtremeValues" name="test_unicode_special_characters" time="0.238" /><testcase classname="tests.test_edge_cases.TestExtremeValues" name="test_null_and_none_values" time="0.236" /><testcase classname="tests.test_edge_cases.TestExtremeValues" name="test_negative_numbers" time="0.234" /><testcase classname="tests.test_edge_cases.TestExtremeValues" name="test_very_deep_nesting" time="0.216" /><testcase classname="tests.test_edge_cases.TestExtremeValues" name="test_large_array" time="0.224" /><testcase classname="tests.test_edge_cases.TestDBCorruptionRecovery" name="test_corrupted_json_recovery" time="0.247"><skipped type="pytest.xfail" message="Windows SQLite file lock - DB handle not closed before fixture cleanup" /><skipped type="pytest.xfail" message="Windows SQLite file lock - DB handle not closed before fixture cleanup" /></testcase><testcase classname="tests.test_edge_cases.TestDBCorruptionRecovery" name="test_partial_transaction_recovery" time="0.230" /><testcase classname="tests.test_edge_cases.TestDBCorruptionRecovery" name="test_file_permission_error_handling" time="0.001" /><testcase classname="tests.test_edge_cases.TestDBCorruptionRecovery" name="test_disk_full_simulation" time="0.000" /><testcase classname="tests.test_edge_cases.TestVectorDBLock" name="test_vectordb_lock_detection" time="0.001" /><testcase classname="tests.test_edge_cases.TestVectorDBLock" name="test_vectordb_lock_recovery_hint" time="0.001" /><testcase classname="tests.test_edge_cases.TestVectorDBLock" name="test_concurrent_vectordb_access" time="0.001" /><testcase classname="tests.test_edge_cases.TestStageSkipCompatibility" name="test_stage1_skip_with_existing_volumes" time="0.230" /><testcase classname="tests.test_edge_cases.TestStageSkipCompatibility" name="test_stage1_skip_then_stage2_compatibility" time="0.232" /><testcase classname="tests.test_edge_cases.TestStageSkipCompatibility" name="test_partial_stage_completion_resume" time="0.237" /><testcase classname="tests.test_edge_cases.TestNetworkTimeout" name="test_api_timeout_handling" time="0.001"><skipped type="pytest.xfail" message="BaseAgent.__init__ signature changed" /></testcase><testcase classname="tests.test_edge_cases.TestNetworkTimeout" name="test_retry_with_backoff" time="0.000" /><testcase classname="tests.test_edge_cases.TestNetworkTimeout" name="test_quota_exceeded_handling" time="0.001"><skipped type="pytest.xfail" message="BaseAgent.__init__ signature changed" /></testcase><testcase classname="tests.test_edge_cases.TestNetworkTimeout" name="test_network_error_recovery" time="0.000" /><testcase classname="tests.test_edge_cases.TestBoundaryConditions" name="test_episode_number_boundaries" time="0.224"><skipped type="pytest.xfail" message="Windows SQLite file lock - DB handle not closed before fixture cleanup" /><skipped type="pytest.xfail" message="Windows SQLite file lock - DB handle not closed before fixture cleanup" /></testcase><testcase classname="tests.test_edge_cases.TestBoundaryConditions" name="test_volume_boundaries" time="0.000" /><testcase classname="tests.test_edge_cases.TestBoundaryConditions" name="test_arc_boundaries" time="0.000" /><testcase classname="tests.test_edge_cases.TestBoundaryConditions" name="test_score_boundaries" time="0.000" /><testcase classname="tests.test_edge_cases.TestBoundaryConditions" name="test_retry_count_boundaries" time="0.000" /><testcase classname="tests.test_edge_cases.TestMemoryAndPerformance" name="test_large_batch_processing" time="0.370"><skipped type="pytest.xfail" message="Windows SQLite file lock - DB handle not closed before fixture cleanup" /><skipped type="pytest.xfail" message="Windows SQLite file lock - DB handle not closed before fixture cleanup" /></testcase><testcase classname="tests.test_edge_cases.TestMemoryAndPerformance" name="test_repeated_open_close" time="0.341" /><testcase classname="tests.test_edge_cases.TestMemoryAndPerformance" name="test_concurrent_read_write" time="0.271" /><testcase classname="tests.test_fact_ledger" name="test_get_stats_handles_non_dict_character_entries" time="0.000" /><testcase classname="tests.test_fact_ledger" name="test_get_dead_characters_handles_non_dict_entries" time="0.000" /><testcase classname="tests.test_fact_ledger" name="test_get_alive_characters_handles_non_dict_entries" time="0.000" /><testcase classname="tests.test_fact_ledger" name="test_extract_numerical_facts_from_state_changes" time="0.000" /><testcase classname="tests.test_fact_ledger" name="test_extract_numerical_facts_empty_safe" time="0.000" /><testcase classname="tests.test_feedback_system.TestBuildStructuredFeedback" name="test_basic_structure" time="0.000" /><testcase classname="tests.test_feedback_system.TestBuildStructuredFeedback" name="test_reason_truncation" time="0.000" /><testcase classname="tests.test_feedback_system.TestBuildStructuredFeedback" name="test_fix_instructions_truncation" time="0.000" /><testcase classname="tests.test_feedback_system.TestBuildStructuredFeedback" name="test_empty_violations" time="0.000" /><testcase classname="tests.test_feedback_system.TestBuildStructuredFeedback" name="test_priority_order_included" time="0.000" /><testcase classname="tests.test_feedback_system.TestGetViolationPriority" name="test_priority_ordering" time="0.000" /><testcase classname="tests.test_feedback_system.TestGetViolationPriority" name="test_unknown_type_last" time="0.000" /><testcase classname="tests.test_feedback_system.TestGetViolationPriority" name="test_empty_list" time="0.000" /><testcase classname="tests.test_feedback_system.TestFormatFeedbackForPrompt" name="test_reject_formatting" time="0.000" /><testcase classname="tests.test_feedback_system.TestFormatFeedbackForPrompt" name="test_pass_returns_empty" time="0.000" /><testcase classname="tests.test_feedback_system.TestFormatFeedbackForPrompt" name="test_empty_feedback" time="0.000" /><testcase classname="tests.test_feedback_system.TestQuantifyRejectFeedback" name="test_short_content_quantification" time="0.000" /><testcase classname="tests.test_feedback_system.TestQuantifyRejectFeedback" name="test_dialogue_quantification" time="0.000" /><testcase classname="tests.test_feedback_system.TestQuantifyRejectFeedback" name="test_density_quantification" time="0.000" /><testcase classname="tests.test_feedback_system.TestQuantifyRejectFeedback" name="test_scene_quantification" time="0.000" /><testcase classname="tests.test_feedback_system.TestQuantifyRejectFeedback" name="test_no_issues" time="0.000" /><testcase classname="tests.test_feedback_system.TestBuildStrongKindFeedback" name="test_duplicate_acquisition" time="0.000" /><testcase classname="tests.test_feedback_system.TestBuildStrongKindFeedback" name="test_state_discontinuity" time="0.000" /><testcase classname="tests.test_feedback_system.TestBuildStrongKindFeedback" name="test_empty_violations" time="0.000" /><testcase classname="tests.test_feedback_system.TestBuildStrongKindFeedback" name="test_protagonist_name_injection" time="0.000" /><testcase classname="tests.test_feedback_system.TestBuildFocusedContext" name="test_basic_context" time="0.000" /><testcase classname="tests.test_feedback_system.TestBuildFocusedContext" name="test_empty_arcs" time="0.000" /><testcase classname="tests.test_feedback_system.TestBuildFocusedContext" name="test_inventory_list_truncated" time="0.000" /><testcase classname="tests.test_feedback_system.TestBuildMinimalArcContext" name="test_no_arcs" time="0.000" /><testcase classname="tests.test_feedback_system.TestBuildMinimalArcContext" name="test_with_arcs" time="0.000" /><testcase classname="tests.test_feedback_system.TestBuildMinimalArcContext" name="test_energy_calculation_from_loss" time="0.000" /><testcase classname="tests.test_feedback_system.TestBuildMinimalArcContext" name="test_energy_calculation_clamped_at_100" time="0.000" /><testcase classname="tests.test_feedback_system.TestGenerateStructuredArcFeedback" name="test_item_violations" time="0.000" /><testcase classname="tests.test_feedback_system.TestGenerateStructuredArcFeedback" name="test_npc_violations" time="0.000" /><testcase classname="tests.test_feedback_system.TestGenerateStructuredArcFeedback" name="test_empty_result" time="0.000" /><testcase classname="tests.test_feedback_system.TestGenerateStructuredArcFeedback" name="test_no_violations" time="0.000" /><testcase classname="tests.test_feedback_system.TestGenerateStructuredBlueprintFeedback" name="test_low_scores_critical" time="0.000" /><testcase classname="tests.test_feedback_system.TestGenerateStructuredBlueprintFeedback" name="test_high_scores_no_issues" time="0.000" /><testcase classname="tests.test_feedback_system.TestGenerateStructuredBlueprintFeedback" name="test_retry_count_message" time="0.000" /><testcase classname="tests.test_feedback_system.TestGenerateStructuredBlueprintFeedback" name="test_empty_result" time="0.000" /><testcase classname="tests.test_feedback_system.TestGenerateReverseFeedbackStage4To3" name="test_density_issue" time="0.000" /><testcase classname="tests.test_feedback_system.TestGenerateReverseFeedbackStage4To3" name="test_length_issue" time="0.000" /><testcase classname="tests.test_feedback_system.TestGenerateReverseFeedbackStage4To3" name="test_setting_issue" time="0.000" /><testcase classname="tests.test_feedback_system.TestGenerateReverseFeedbackStage4To3" name="test_empty_reason" time="0.000" /><testcase classname="tests.test_feedback_system.TestGenerateReverseFeedbackStage3To2" name="test_repeated_failures" time="0.000" /><testcase classname="tests.test_feedback_system.TestGenerateReverseFeedbackStage3To2" name="test_less_than_3_failures" time="0.000" /><testcase classname="tests.test_feedback_system.TestGenerateReverseFeedbackStage3To2" name="test_empty_failures" time="0.00
[...]
00" /><testcase classname="tests.test_satisfaction_step2_prompts.TestBlueprintComparisonSatisfaction" name="test_blueprint_prompt_has_satisfaction_criterion" time="0.001" /><testcase classname="tests.test_satisfaction_step2_prompts.TestJsonSchemaPreservation" name="test_ensemble_json_schema_keys_preserved" time="0.001" /><testcase classname="tests.test_satisfaction_step2_prompts.TestJsonSchemaPreservation" name="test_audit_json_schema_keys_preserved" time="0.001" /><testcase classname="tests.test_satisfaction_step2_prompts.TestJsonSchemaPreservation" name="test_audit_score_breakdown_sub_keys_preserved" time="0.000" /><testcase classname="tests.test_satisfaction_step2_prompts.TestScoringValidatorPromptGenreExamples" name="test_llm_prompt_has_genre_payoff_examples" time="0.008" /><testcase classname="tests.test_satisfaction_step2_prompts.TestScoringValidatorPromptGenreExamples" name="test_llm_prompt_frustration_reward_keyword" time="0.001" /><testcase classname="tests.test_satisfaction_step2_prompts.TestPromptLengthCap" name="test_ensemble_prompt_length_reasonable" time="0.001" /><testcase classname="tests.test_satisfaction_step2_prompts.TestPromptLengthCap" name="test_audit_prompt_length_reasonable" time="0.000" /><testcase classname="tests.test_satisfaction_step3_tagging.TestSatisfactionTable" name="test_table_exists" time="0.228" /><testcase classname="tests.test_satisfaction_step3_tagging.TestSatisfactionTable" name="test_table_columns" time="0.234" /><testcase classname="tests.test_satisfaction_step3_tagging.TestSatisfactionCRUD" name="test_save_and_get_roundtrip" time="0.237" /><testcase classname="tests.test_satisfaction_step3_tagging.TestSatisfactionCRUD" name="test_get_nonexistent_returns_none" time="0.230" /><testcase classname="tests.test_satisfaction_step3_tagging.TestSatisfactionCRUD" name="test_save_overwrites_existing" time="0.249" /><testcase classname="tests.test_satisfaction_step3_tagging.TestSatisfactionCRUD" name="test_frustration_flag_stored_as_int" time="0.237" /><testcase classname="tests.test_satisfaction_step3_tagging.TestSatisfactionCRUD" name="test_get_recent_returns_time_order" time="0.237" /><testcase classname="tests.test_satisfaction_step3_tagging.TestSatisfactionCRUD" name="test_get_recent_lookback_limit" time="0.255" /><testcase classname="tests.test_satisfaction_step3_tagging.TestSatisfactionCRUD" name="test_get_recent_empty" time="0.465" /><testcase classname="tests.test_satisfaction_step3_tagging.TestSatisfactionCRUD" name="test_default_values_on_missing_keys" time="0.748" /><testcase classname="tests.test_satisfaction_step3_tagging.TestExtractSatisfactionTag" name="test_llm_success_returns_valid_tag" time="0.003" /><testcase classname="tests.test_satisfaction_step3_tagging.TestExtractSatisfactionTag" name="test_llm_frustration_sets_flag" time="0.003" /><testcase classname="tests.test_satisfaction_step3_tagging.TestExtractSatisfactionTag" name="test_invalid_tag_defaults_to_ilsang" time="0.003" /><testcase classname="tests.test_satisfaction_step3_tagging.TestExtractSatisfactionTag" name="test_score_clamped_to_range" time="0.003" /><testcase classname="tests.test_satisfaction_step3_tagging.TestExtractSatisfactionTag" name="test_score_clamped_min" time="0.003" /><testcase classname="tests.test_satisfaction_step3_tagging.TestExtractSatisfactionTag" name="test_llm_failure_uses_fallback" time="0.003" /><testcase classname="tests.test_satisfaction_step3_tagging.TestFallbackSatisfactionTag" name="test_achievement_keywords" time="0.003" /><testcase classname="tests.test_satisfaction_step3_tagging.TestFallbackSatisfactionTag" name="test_frustration_keywords" time="0.003" /><testcase classname="tests.test_satisfaction_step3_tagging.TestFallbackSatisfactionTag" name="test_combat_keywords" time="0.003" /><testcase classname="tests.test_satisfaction_step3_tagging.TestFallbackSatisfactionTag" name="test_empty_manuscript_defaults_ilsang" time="0.003" /><testcase classname="tests.test_satisfaction_step3_tagging.TestFallbackSatisfactionTag" name="test_all_valid_tags_returned" time="0.002" /><testcase classname="tests.test_satisfaction_step3_tagging.TestStage4SatisfactionHook" name="test_hook_code_exists_in_orchestrator" time="0.013" /><testcase classname="tests.test_satisfaction_step3_tagging.TestStage4SatisfactionHook" name="test_hook_exception_non_propagating" time="0.012" /><testcase classname="tests.test_satisfaction_step3_tagging.TestSatisfactionPrompt" name="test_prompt_has_6_tags" time="0.000" /><testcase classname="tests.test_satisfaction_step3_tagging.TestSatisfactionPrompt" name="test_prompt_has_agency_options" time="0.000" /><testcase classname="tests.test_satisfaction_step3_tagging.TestSatisfactionPrompt" name="test_prompt_has_json_format" time="0.000" /><testcase classname="tests.test_satisfaction_step4_frustration.TestFrustrationStreak" name="test_no_tags_returns_empty" time="0.434" /><testcase classname="tests.test_satisfaction_step4_frustration.TestFrustrationStreak" name="test_no_frustration_returns_empty" time="0.246" /><testcase classname="tests.test_satisfaction_step4_frustration.TestFrustrationStreak" name="test_streak_below_threshold_empty" time="0.230" /><testcase classname="tests.test_satisfaction_step4_frustration.TestFrustrationStreak" name="test_streak_3_warning" time="0.240" /><testcase classname="tests.test_satisfaction_step4_frustration.TestFrustrationStreak" name="test_streak_5_critical" time="0.248" /><testcase classname="tests.test_satisfaction_step4_frustration.TestFrustrationStreak" name="test_streak_reset_after_reward" time="0.230" /><testcase classname="tests.test_satisfaction_step4_frustration.TestFrustrationStreak" name="test_streak_counts_from_latest" time="0.247" /><testcase classname="tests.test_satisfaction_step4_frustration.TestFrustrationThresholds" name="test_yaml_satisfaction_section_exists" time="0.000" /><testcase classname="tests.test_satisfaction_step4_frustration.TestFrustrationThresholds" name="test_threshold_warning_default" time="0.000" /><testcase classname="tests.test_satisfaction_step4_frustration.TestFrustrationThresholds" name="test_threshold_critical_default" time="0.000" /><testcase classname="tests.test_satisfaction_step4_frustration.TestStage4FrustrationHook" name="test_hook_code_exists" time="0.017" /><testcase classname="tests.test_satisfaction_step4_frustration.TestStage4FrustrationHook" name="test_hook_non_blocking" time="0.017" /><testcase classname="tests.test_satisfaction_step4_frustration.TestStage4FrustrationHook" name="test_hook_injects_to_validation_results" time="0.016" /><testcase classname="tests.test_satisfaction_step4_frustration.TestWarningFormat" name="test_warning_message_contains_streak_count" time="0.243" /><testcase classname="tests.test_satisfaction_step4_frustration.TestWarningFormat" name="test_critical_message_contains_severe" time="0.235" /><testcase classname="tests.test_selection_tracker.TestDirectorSelectionsTable" name="test_save_and_retrieve" time="0.233" /><testcase classname="tests.test_selection_tracker.TestDirectorSelectionsTable" name="test_multiple_rounds_recorded" time="0.235" /><testcase classname="tests.test_selection_tracker.TestDirectorSelectionsTable" name="test_reason_truncated" time="0.232" /><testcase classname="tests.test_selection_tracker.TestStrategyWinRates" name="test_single_strategy_100_percent" time="0.241" /><testcase classname="tests.test_selection_tracker.TestStrategyWinRates" name="test_mixed_strategies" time="0.257" /><testcase classname="tests.test_selection_tracker.TestStrategyWinRates" name="test_reject_excluded" time="0.242" /><testcase classname="tests.test_selection_tracker.TestStrategyWinRates" name="test_empty_db_returns_zero_total" time="0.229" /><testcase classname="tests.test_selection_tracker.TestSelectionAnalysis" name="test_get_selection_analysis_returns_latest_first" time="0.248" /><testcase classname="tests.test_selection_tracker.TestSelectionAnalysis" name="test_get_selection_analysis_zero_lookback" time="0.245" /><testcase classname="tests.test_selection_tracker.TestRollbackIncludesSelections" name="test_reset_after_deletes_selections" time="0.267" /><testcase classname="tests.test_selection_tracker.TestRollbackIncludesSelections" name="test_rollback_impact_includes_selections" time="0.258" /><testcase classname="tests.test_semantic_plot_guard.TestKeywordFallbackInit" name="test_init_without_genai_flag" time="0.000" /><testcase classname="tests.test_semantic_plot_guard.TestKeywordFallbackInit" name="test_init_without_api_key" time="0.000" /><testcase classname="tests.test_semantic_plot_guard.TestKeywordIndexing" name="test_index_basic" time="0.000" /><testcase classname="tests.test_semantic_plot_guard.TestKeywordIndexing" name="test_index_dedup" time="0.000" /><testcase classname="tests.test_semantic_plot_guard.TestKeywordIndexing" name="test_index_empty_plot_skipped" time="0.000" /><testcase classname="tests.test_semantic_plot_guard.TestKeywordCheck" name="test_similar_plot_detected" time="0.000" /><testcase classname="tests.test_semantic_plot_guard.TestKeywordCheck" name="test_unrelated_plot_no_warning" time="0.000" /><testcase classname="tests.test_semantic_plot_guard.TestKeywordCheck" name="test_check_with_plot_names" time="0.000" /><testcase classname="tests.test_semantic_plot_guard.TestKeywordCheck" name="test_format_warnings" time="0.000" /><testcase classname="tests.test_semantic_plot_guard.TestExtractKeywords" name="test_korean_keywords" time="0.000" /><testcase classname="tests.test_semantic_plot_guard.TestExtractKeywords" name="test_stopwords_filtered" time="0.000" /><testcase classname="tests.test_semantic_plot_guard.TestExtractKeywords" name="test_short_words_filtered" time="0.000" /><testcase classname="tests.test_semantic_plot_guard.TestChainWiring" name="test_semantic_plot_guard_not_none_without_api" time="0.000" /><testcase classname="tests.test_semantic_plot_guard.TestChainWiring" name="test_stage2_uses_ctx_and_keyword_fallback_condition" time="0.013" /><testcase classname="tests.test_stage01_fixes.TestAnalystFixes" name="test_safe_dict_module_level" time="0.000" /><testcase classname="tests.test_stage01_fixes.TestAnalystFixes" name="test_extract_content_parts_exists" time="0.000" /><testcase classname="tests.test_stage01_fixes.TestAnalystFixes" name="test_extract_content_parts_returns" time="0.000" /><testcase classname="tests.test_stage01_fixes.TestAnalystFixes" name="test_extract_content_parts_empty" time="0.000" /><testcase classname="tests.test_stage01_fixes.TestAnalystFixes" name="test_extract_content_parts_non_dict" time="0.000" /><testcase classname="tests.test_stage01_fixes.TestAnalystFixes" name="test_load_genre_libraries_exists" time="0.000" /><testcase classname="tests.test_stage01_fixes.TestAnalystFixes" name="test_get_current_genre_uses_dict" time="0.001" /><testcase classname="tests.test_stage01_fixes.TestAnalystFixes" name="test_get_current_genre_uses_constant" time="0.000" /><testcase classname="tests.test_stage01_fixes.TestAnalystFixes" name="test_genre_detect_map_covers_all" time="0.000" /><testcase classname="tests.test_stage01_fixes.TestAnalystFixes" name="test_validate_stub_docstring" time="0.000" /><testcase classname="tests.test_stage01_fixes.TestAnalystFixes" name="test_post_process_arc_exists" time="0.000" /><testcase classname="tests.test_stage01_fixes.TestStage01HelpersFixes" name="test_capsule_bypass_fixed" time="0.002" /><testcase classname="tests.test_stage01_fixes.TestStage01HelpersFixes" name="test_extend_blocks_bypass_fixed" time="0.001" /><testcase classname="tests.test_stage01_fixes.TestStage01HelpersFixes" name="test_stage0_extended_handlers_exist" time="0.000" /><testcase classname="tests.test_stage01_fixes.TestStage01HelpersFixes" name="test_stage0_extended_dispatcher" time="0.001" /><testcase classname="tests.test_stage01_fixes.TestStage01HelpersFixes" name="test_stage0_extended_no_bare_print" time="0.001" /><testcase classname="tests.test_stage01_fixes.TestStage01HelpersFixes" name="test_phase_0_recovery_no_bare_print" time="0.002" /><testcase classname="tests.test_stage01_fixes.TestStage01HelpersFixes" name="test_extend_blocks_no_bare_print" time="0.002" /><testcase classname="tests.test_stage01_fixes.TestStage01HelpersFixes" name="test_input_eof_handling" time="0.013" /><testcase classname="tests.test_stage01_helpers.TestConstructor" name="test_app_reference_stored" time="0.001" /><testcase classname="tests.test_stage01_helpers.TestPhase0Recovery" name="test_cancel_choice_0" time="0.002" /><testcase classname="tests.test_stage01_helpers.TestPhase0Recovery" name="test_choice_2_delegates_to_stage_0_extended" time="1505.843"><failure message="MemoryError">E   MemoryError</failure></testcase><testcase classname="tests.test_stage01_helpers.TestPhase0Recovery" name="test_choice_3_delegates_to_stage_0_extended" time="0.010"><failure message="AssertionError: Expected '_stage_0_extended' to be called once. Called 0 times.">E   AssertionError: Expected '_stage_0_extended' to be called once. Called 0 times.</failure></testcase><testcase classname="tests.test_stage01_helpers.TestPhase0Recovery" name="test_choice_4_delegates_to_stage_0_extended" time="0.004"><failure message="AssertionError: Expected '_stage_0_extended' to be called once. Called 0 times.">E   AssertionError: Expected '_stage_0_extended' to be called once. Called 0 times.</failure></testcase><testcase time="0.001" /><testcase classname="pytest" name="internal" time="0.000"><error message="internal error">Traceback (most recent call last):
  File "C:\Users\User\AppData\Local\Programs\Python\Python312\Lib\site-packages\_pytest\main.py", line 318, in wrap_session
    session.exitstatus = doit(config, session) or 0
                         ^^^^^^^^^^^^^^^^^^^^^
  File "C:\Users\User\AppData\Local\Programs\Python\Python312\Lib\site-packages\_pytest\main.py", line 372, in _main
    config.hook.pytest_runtestloop(session=session)
  File "C:\Users\User\AppData\Local\Programs\Python\Python312\Lib\site-packages\pluggy\_hooks.py", line 512, in __call__
    return self._hookexec(self.name, self._hookimpls.copy(), kwargs, firstresult)
           ^^^^^^^^^^^^^^^^^^^^^^^^^^^^^^^^^^^^^^^^^^^^^^^^^^^^^^^^^^^^^^^^^^^^^^
  File "C:\Users\User\AppData\Local\Programs\Python\Python312\Lib\site-packages\pluggy\_manager.py", line 120, in _hookexec
    return self._inner_hookexec(hook_name, methods, kwargs, firstresult)
           ^^^^^^^^^^^^^^^^^^^^^^^^^^^^^^^^^^^^^^^^^^^^^^^^^^^^^^^^^^^^^
  File "C:\Users\User\AppData\Local\Programs\Python\Python312\Lib\site-packages\pluggy\_callers.py", line 167, in _multicall
    raise exception
  File "C:\Users\User\AppData\Local\Programs\Python\Python312\Lib\site-packages\pluggy\_callers.py", line 139, in _multicall
    teardown.throw(exception)
  File "C:\Users\User\AppData\Local\Programs\Python\Python312\Lib\site-packages\_pytest\logging.py", line 801, in pytest_runtestloop
    return (yield)  # Run all the tests.
            ^^^^^
  File "C:\Users\User\AppData\Local\Programs\Python\Python312\Lib\site-packages\pluggy\_callers.py", line 139, in _multicall
    teardown.throw(exception)
  File "C:\Users\User\AppData\Local\Programs\Python\Python312\Lib\site-packages\_pytest\terminal.py", line 707, in pytest_runtestloop
    result = yield
             ^^^^^
  File "C:\Users\User\AppData\Local\Programs\Python\Python312\Lib\site-packages\pluggy\_callers.py", line 121, in _multicall
    res = hook_impl.function(*args)
          ^^^^^^^^^^^^^^^^^^^^^^^^^
  File "C:\Users\User\AppData\Local\Programs\Python\Python312\Lib\site-packages\_pytest\main.py", line 396, in pytest_runtestloop
    item.config.hook.pytest_runtest_protocol(item=item, nextitem=nextitem)
  File "C:\Users\User\AppData\Local\Programs\Python\Python312\Lib\site-packages\pluggy\_hooks.py", line 512, in __call__
    return self._hookexec(self.name, self._hookimpls.copy(), kwargs, firstresult)
           ^^^^^^^^^^^^^^^^^^^^^^^^^^^^^^^^^^^^^^^^^^^^^^^^^^^^^^^^^^^^^^^^^^^^^^
  File "C:\Users\User\AppData\Local\Programs\Python\Python312\Lib\site-packages\pluggy\_manager.py", line 120, in _hookexec
    return self._inner_hookexec(hook_name, methods, kwargs, firstresult)
           ^^^^^^^^^^^^^^^^^^^^^^^^^^^^^^^^^^^^^^^^^^^^^^^^^^^^^^^^^^^^^
  File "C:\Users\User\AppData\Local\Programs\Python\Python312\Lib\site-packages\pluggy\_callers.py", line 167, in _multicall
    raise exception
  File "C:\Users\User\AppData\Local\Programs\Python\Python312\Lib\site-packages\pluggy\_callers.py", line 139, in _multicall
    teardown.throw(exception)
  File "C:\Users\User\AppData\Local\Programs\Python\Python312\Lib\site-packages\_pytest\warnings.py", line 89, in pytest_runtest_protocol
    return (yield)
            ^^^^^
  File "C:\Users\User\AppData\Local\Programs\Python\Python312\Lib\site-packages\pluggy\_callers.py", line 139, in _multicall
    teardown.throw(exception)
  File "C:\Users\User\AppData\Local\Programs\Python\Python312\Lib\site-packages\_pytest\assertion\__init__.py", line 192, in pytest_runtest_protocol
    return (yield)
            ^^^^^
  File "C:\Users\User\AppData\Local\Programs\Python\Python312\Lib\site-packages\pluggy\_callers.py", line 139, in _multicall
    teardown.throw(exception)
  File "C:\Users\User\AppData\Local\Programs\Python\Python312\Lib\site-packages\_pytest\unittest.py", line 587, in pytest_runtest_protocol
    return (yield)
            ^^^^^
  File "C:\Users\User\AppData\Local\Programs\Python\Python312\Lib\site-packages\pluggy\_callers.py", line 139, in _multicall
    teardown.throw(exception)
  File "C:\Users\User\AppData\Local\Programs\Python\Python312\Lib\site-packages\_pytest\faulthandler.py", line 102, in pytest_runtest_protocol
    return (yield)
            ^^^^^
  File "C:\Users\User\AppData\Local\Programs\Python\Python312\Lib\site-packages\pluggy\_callers.py", line 121, in _multicall
    res = hook_impl.function(*args)
          ^^^^^^^^^^^^^^^^^^^^^^^^^
  File "C:\Users\User\AppData\Local\Programs\Python\Python312\Lib\site-packages\_pytest\runner.py", line 118, in pytest_runtest_protocol
    runtestprotocol(item, nextitem=nextitem)
  File "C:\Users\User\AppData\Local\Programs\Python\Python312\Lib\site-packages\_pytest\runner.py", line 137, in runtestprotocol
    reports.append(call_and_report(item, "call", log))
                   ^^^^^^^^^^^^^^^^^^^^^^^^^^^^^^^^^^
  File "C:\Users\User\AppData\Local\Programs\Python\Python312\Lib\site-packages\_pytest\runner.py", line 251, in call_and_report
    ihook.pytest_runtest_logreport(report=report)
  File "C:\Users\User\AppData\Local\Programs\Python\Python312\Lib\site-packages\pluggy\_hooks.py", line 512, in __call__
    return self._hookexec(self.name, self._hookimpls.copy(), kwargs, firstresult)
           ^^^^^^^^^^^^^^^^^^^^^^^^^^^^^^^^^^^^^^^^^^^^^^^^^^^^^^^^^^^^^^^^^^^^^^
  File "C:\Users\User\AppData\Local\Programs\Python\Python312\Lib\site-packages\pluggy\_manager.py", line 120, in _hookexec
    return self._inner_hookexec(hook_name, methods, kwargs, firstresult)
           ^^^^^^^^^^^^^^^^^^^^^^^^^^^^^^^^^^^^^^^^^^^^^^^^^^^^^^^^^^^^^
  File "C:\Users\User\AppData\Local\Programs\Python\Python312\Lib\site-packages\pluggy\_callers.py", line 167, in _multicall
    raise exception
  File "C:\Users\User\AppData\Local\Programs\Python\Python312\Lib\site-packages\pluggy\_callers.py", line 121, in _multicall
    res = hook_impl.function(*args)
          ^^^^^^^^^^^^^^^^^^^^^^^^^
  File "C:\Users\User\AppData\Local\Programs\Python\Python312\Lib\site-packages\_pytest\terminal.py", line 698, in pytest_runtest_logreport
    self.flush()
  File "C:\Users\User\AppData\Local\Programs\Python\Python312\Lib\site-packages\_pytest\terminal.py", line 531, in flush
    self._tw.flush()
  File "C:\Users\User\AppData\Local\Programs\Python\Python312\Lib\site-packages\_pytest\_io\terminalwriter.py", line 187, in flush
    self._file.flush()
OSError: [Errno 9] Bad file descriptor</error></testcase></testsuite></testsuites>